{"/workspace/src/demo-profile.ts": {"path":"/workspace/src/demo-profile.ts","statementMap":{"0":{"start":{"line":9,"column":20},"end":{"line":16,"column":null}},"1":{"start":{"line":18,"column":69},"end":{"line":18,"column":null}},"2":{"start":{"line":19,"column":25},"end":{"line":19,"column":null}},"3":{"start":{"line":22,"column":20},"end":{"line":22,"column":null}},"4":{"start":{"line":23,"column":2},"end":{"line":25,"column":null}},"5":{"start":{"line":23,"column":15},"end":{"line":23,"column":18}},"6":{"start":{"line":24,"column":4},"end":{"line":24,"column":null}},"7":{"start":{"line":28,"column":2},"end":{"line":28,"column":null}},"8":{"start":{"line":29,"column":2},"end":{"line":32,"column":null}},"9":{"start":{"line":35,"column":101},"end":{"line":35,"column":null}},"10":{"start":{"line":36,"column":25},"end":{"line":36,"column":null}},"11":{"start":{"line":38,"column":2},"end":{"line":51,"column":null}},"12":{"start":{"line":38,"column":15},"end":{"line":38,"column":18}},"13":{"start":{"line":39,"column":22},"end":{"line":39,"column":null}},"14":{"start":{"line":40,"column":20},"end":{"line":40,"column":null}},"15":{"start":{"line":42,"column":4},"end":{"line":50,"column":null}},"16":{"start":{"line":54,"column":100},"end":{"line":64,"column":null}},"17":{"start":{"line":66,"column":2},"end":{"line":79,"column":null}}},"fnMap":{"0":{"name":"generateDemoProfile","decl":{"start":{"line":7,"column":16},"end":{"line":7,"column":50}},"loc":{"start":{"line":7,"column":50},"end":{"line":80,"column":null}},"line":7}},"branchMap":{"0":{"loc":{"start":{"line":40,"column":20},"end":{"line":40,"column":null}},"type":"cond-expr","locations":[{"start":{"line":40,"column":30},"end":{"line":40,"column":52}},{"start":{"line":40,"column":52},"end":{"line":40,"column":null}}],"line":40}},"s":{"0":0,"1":0,"2":0,"3":0,"4":0,"5":0,"6":0,"7":0,"8":0,"9":0,"10":0,"11":0,"12":0,"13":0,"14":0,"15":0,"16":0,"17":0},"f":{"0":0},"b":{"0":[0,0]},"meta":{"lastBranch":1,"lastFunction":1,"lastStatement":18,"seen":{"f:7:16:7:50":0,"s:9:20:16:Infinity":0,"s:18:69:18:Infinity":1,"s:19:25:19:Infinity":2,"s:22:20:22:Infinity":3,"s:23:2:25:Infinity":4,"s:23:15:23:18":5,"s:24:4:24:Infinity":6,"s:28:2:28:Infinity":7,"s:29:2:32:Infinity":8,"s:35:101:35:Infinity":9,"s:36:25:36:Infinity":10,"s:38:2:51:Infinity":11,"s:38:15:38:18":12,"s:39:22:39:Infinity":13,"s:40:20:40:Infinity":14,"b:40:30:40:52:40:52:40:Infinity":0,"s:42:4:50:Infinity":15,"s:54:100:64:Infinity":16,"s:66:2:79:Infinity":17},"fnNames":{}}}
,"/workspace/src/github-provider.ts": {"path":"/workspace/src/github-provider.ts","statementMap":{"0":{"start":{"line":7,"column":24},"end":{"line":10,"column":null}},"1":{"start":{"line":12,"column":51},"end":{"line":21,"column":null}},"2":{"start":{"line":23,"column":53},"end":{"line":36,"column":null}},"3":{"start":{"line":42,"column":22},"end":{"line":42,"column":null}},"4":{"start":{"line":43,"column":24},"end":{"line":43,"column":null}},"5":{"start":{"line":43,"column":40},"end":{"line":43,"column":55}},"6":{"start":{"line":45,"column":4},"end":{"line":49,"column":null}},"7":{"start":{"line":46,"column":6},"end":{"line":48,"column":null}},"8":{"start":{"line":46,"column":60},"end":{"line":46,"column":93}},"9":{"start":{"line":46,"column":79},"end":{"line":46,"column":92}},"10":{"start":{"line":47,"column":8},"end":{"line":47,"column":null}},"11":{"start":{"line":52,"column":4},"end":{"line":52,"column":null}},"12":{"start":{"line":52,"column":67},"end":{"line":52,"column":null}},"13":{"start":{"line":53,"column":4},"end":{"line":53,"column":null}},"14":{"start":{"line":53,"column":35},"end":{"line":53,"column":null}},"15":{"start":{"line":54,"column":4},"end":{"line":54,"column":null}},"16":{"start":{"line":54,"column":35},"end":{"line":54,"column":null}},"17":{"start":{"line":56,"column":4},"end":{"line":56,"column":null}},"18":{"start":{"line":63,"column":4},"end":{"line":71,"column":null}},"19":{"start":{"line":64,"column":6},"end":{"line":64,"column":null}},"20":{"start":{"line":65,"column":11},"end":{"line":71,"column":null}},"21":{"start":{"line":66,"column":6},"end":{"line":66,"column":null}},"22":{"start":{"line":67,"column":11},"end":{"line":71,"column":null}},"23":{"start":{"line":68,"column":6},"end":{"line":68,"column":null}},"24":{"start":{"line":70,"column":6},"end":{"line":70,"column":null}},"25":{"start":{"line":84,"column":24},"end":{"line":84,"column":null}},"26":{"start":{"line":85,"column":27},"end":{"line":85,"column":null}},"27":{"start":{"line":88,"column":35},"end":{"line":88,"column":null}},"28":{"start":{"line":89,"column":4},"end":{"line":96,"column":null}},"29":{"start":{"line":90,"column":20},"end":{"line":90,"column":null}},"30":{"start":{"line":90,"column":59},"end":{"line":90,"column":71}},"31":{"start":{"line":91,"column":29},"end":{"line":94,"column":null}},"32":{"start":{"line":92,"column":8},"end":{"line":93,"column":null}},"33":{"start":{"line":93,"column":68},"end":{"line":93,"column":95}},"34":{"start":{"line":95,"column":6},"end":{"line":95,"column":null}},"35":{"start":{"line":99,"column":10},"end":{"line":99,"column":null}},"36":{"start":{"line":100,"column":23},"end":{"line":100,"column":null}},"37":{"start":{"line":103,"column":21},"end":{"line":103,"column":null}},"38":{"start":{"line":106,"column":29},"end":{"line":110,"column":null}},"39":{"start":{"line":113,"column":4},"end":{"line":116,"column":null}},"40":{"start":{"line":114,"column":28},"end":{"line":114,"column":null}},"41":{"start":{"line":115,"column":6},"end":{"line":115,"column":null}},"42":{"start":{"line":119,"column":4},"end":{"line":122,"column":null}},"43":{"start":{"line":120,"column":24},"end":{"line":120,"column":null}},"44":{"start":{"line":121,"column":6},"end":{"line":121,"column":null}},"45":{"start":{"line":125,"column":4},"end":{"line":127,"column":null}},"46":{"start":{"line":126,"column":6},"end":{"line":126,"column":null}},"47":{"start":{"line":129,"column":4},"end":{"line":129,"column":null}},"48":{"start":{"line":136,"column":22},"end":{"line":136,"column":null}},"49":{"start":{"line":136,"column":56},"end":{"line":136,"column":66}},"50":{"start":{"line":137,"column":22},"end":{"line":137,"column":null}},"51":{"start":{"line":137,"column":41},"end":{"line":137,"column":55}},"52":{"start":{"line":138,"column":25},"end":{"line":138,"column":null}},"53":{"start":{"line":141,"column":33},"end":{"line":141,"column":null}},"54":{"start":{"line":142,"column":4},"end":{"line":156,"column":null}},"55":{"start":{"line":143,"column":28},"end":{"line":148,"column":null}},"56":{"start":{"line":150,"column":6},"end":{"line":155,"column":null}},"57":{"start":{"line":151,"column":24},"end":{"line":151,"column":null}},"58":{"start":{"line":152,"column":8},"end":{"line":154,"column":null}},"59":{"start":{"line":153,"column":10},"end":{"line":153,"column":null}},"60":{"start":{"line":158,"column":27},"end":{"line":158,"column":null}},"61":{"start":{"line":160,"column":4},"end":{"line":163,"column":null}},"62":{"start":{"line":178,"column":2},"end":{"line":180,"column":null}},"63":{"start":{"line":179,"column":4},"end":{"line":179,"column":null}},"64":{"start":{"line":183,"column":19},"end":{"line":183,"column":null}},"65":{"start":{"line":186,"column":2},"end":{"line":186,"column":null}},"66":{"start":{"line":189,"column":19},"end":{"line":189,"column":null}},"67":{"start":{"line":190,"column":2},"end":{"line":196,"column":null}},"68":{"start":{"line":191,"column":21},"end":{"line":191,"column":null}},"69":{"start":{"line":192,"column":4},"end":{"line":194,"column":null}},"70":{"start":{"line":193,"column":6},"end":{"line":193,"column":null}},"71":{"start":{"line":195,"column":4},"end":{"line":195,"column":null}},"72":{"start":{"line":199,"column":26},"end":{"line":199,"column":null}},"73":{"start":{"line":200,"column":2},"end":{"line":206,"column":null}},"74":{"start":{"line":201,"column":21},"end":{"line":201,"column":null}},"75":{"start":{"line":202,"column":4},"end":{"line":204,"column":null}},"76":{"start":{"line":203,"column":6},"end":{"line":203,"column":null}},"77":{"start":{"line":205,"column":4},"end":{"line":205,"column":null}},"78":{"start":{"line":209,"column":2},"end":{"line":215,"column":null}},"79":{"start":{"line":210,"column":18},"end":{"line":210,"column":null}},"80":{"start":{"line":211,"column":30},"end":{"line":211,"column":null}},"81":{"start":{"line":212,"column":4},"end":{"line":214,"column":null}},"82":{"start":{"line":213,"column":6},"end":{"line":213,"column":null}},"83":{"start":{"line":218,"column":19},"end":{"line":218,"column":null}},"84":{"start":{"line":219,"column":2},"end":{"line":221,"column":null}},"85":{"start":{"line":220,"column":4},"end":{"line":220,"column":null}},"86":{"start":{"line":223,"column":2},"end":{"line":223,"column":null}},"87":{"start":{"line":232,"column":2},"end":{"line":234,"column":null}},"88":{"start":{"line":233,"column":4},"end":{"line":233,"column":null}},"89":{"start":{"line":237,"column":32},"end":{"line":237,"column":null}},"90":{"start":{"line":238,"column":2},"end":{"line":238,"column":null}},"91":{"start":{"line":241,"column":20},"end":{"line":241,"column":null}},"92":{"start":{"line":245,"column":19},"end":{"line":245,"column":null}},"93":{"start":{"line":247,"column":18},"end":{"line":247,"column":null}},"94":{"start":{"line":250,"column":30},"end":{"line":253,"column":null}},"95":{"start":{"line":255,"column":2},"end":{"line":255,"column":null}},"96":{"start":{"line":255,"column":19},"end":{"line":255,"column":null}},"97":{"start":{"line":256,"column":18},"end":{"line":256,"column":null}},"98":{"start":{"line":257,"column":19},"end":{"line":257,"column":null}},"99":{"start":{"line":261,"column":22},"end":{"line":261,"column":null}},"100":{"start":{"line":261,"column":51},"end":{"line":261,"column":90}},"101":{"start":{"line":264,"column":2},"end":{"line":286,"column":null}},"102":{"start":{"line":265,"column":4},"end":{"line":285,"column":null}},"103":{"start":{"line":266,"column":24},"end":{"line":266,"column":null}},"104":{"start":{"line":267,"column":6},"end":{"line":281,"column":null}},"105":{"start":{"line":268,"column":27},"end":{"line":268,"column":null}},"106":{"start":{"line":270,"column":8},"end":{"line":280,"column":null}},"107":{"start":{"line":272,"column":31},"end":{"line":272,"column":null}},"108":{"start":{"line":273,"column":24},"end":{"line":273,"column":null}},"109":{"start":{"line":274,"column":10},"end":{"line":276,"column":null}},"110":{"start":{"line":274,"column":23},"end":{"line":274,"column":26}},"111":{"start":{"line":275,"column":12},"end":{"line":275,"column":null}},"112":{"start":{"line":277,"column":26},"end":{"line":277,"column":null}},"113":{"start":{"line":278,"column":10},"end":{"line":278,"column":null}},"114":{"start":{"line":279,"column":10},"end":{"line":279,"column":null}},"115":{"start":{"line":284,"column":6},"end":{"line":284,"column":null}},"116":{"start":{"line":289,"column":19},"end":{"line":292,"column":null}},"117":{"start":{"line":290,"column":20},"end":{"line":290,"column":30}},"118":{"start":{"line":291,"column":21},"end":{"line":291,"column":95}},"119":{"start":{"line":294,"column":22},"end":{"line":294,"column":null}},"120":{"start":{"line":297,"column":42},"end":{"line":348,"column":null}},"121":{"start":{"line":298,"column":30},"end":{"line":298,"column":null}},"122":{"start":{"line":301,"column":24},"end":{"line":301,"column":null}},"123":{"start":{"line":302,"column":4},"end":{"line":302,"column":null}},"124":{"start":{"line":305,"column":29},"end":{"line":311,"column":null}},"125":{"start":{"line":312,"column":4},"end":{"line":312,"column":null}},"126":{"start":{"line":315,"column":4},"end":{"line":319,"column":null}},"127":{"start":{"line":316,"column":6},"end":{"line":316,"column":null}},"128":{"start":{"line":318,"column":6},"end":{"line":318,"column":null}},"129":{"start":{"line":322,"column":4},"end":{"line":324,"column":null}},"130":{"start":{"line":323,"column":6},"end":{"line":323,"column":null}},"131":{"start":{"line":327,"column":22},"end":{"line":327,"column":null}},"132":{"start":{"line":328,"column":20},"end":{"line":328,"column":null}},"133":{"start":{"line":331,"column":4},"end":{"line":340,"column":null}},"134":{"start":{"line":333,"column":6},"end":{"line":333,"column":null}},"135":{"start":{"line":334,"column":11},"end":{"line":340,"column":null}},"136":{"start":{"line":336,"column":6},"end":{"line":336,"column":null}},"137":{"start":{"line":339,"column":6},"end":{"line":339,"column":null}},"138":{"start":{"line":342,"column":4},"end":{"line":347,"column":null}},"139":{"start":{"line":351,"column":17},"end":{"line":351,"column":null}},"140":{"start":{"line":354,"column":2},"end":{"line":377,"column":null}},"141":{"start":{"line":371,"column":53},"end":{"line":371,"column":79}},"142":{"start":{"line":384,"column":2},"end":{"line":386,"column":null}},"143":{"start":{"line":385,"column":4},"end":{"line":385,"column":null}}},"fnMap":{"0":{"name":"detectProjectType","decl":{"start":{"line":41,"column":2},"end":{"line":41,"column":20}},"loc":{"start":{"line":41,"column":60},"end":{"line":57,"column":null}},"line":41},"1":{"name":"(anonymous_1)","decl":{"start":{"line":43,"column":31},"end":{"line":43,"column":35}},"loc":{"start":{"line":43,"column":40},"end":{"line":43,"column":55}},"line":43},"2":{"name":"(anonymous_2)","decl":{"start":{"line":46,"column":50},"end":{"line":46,"column":55}},"loc":{"start":{"line":46,"column":60},"end":{"line":46,"column":93}},"line":46},"3":{"name":"(anonymous_3)","decl":{"start":{"line":46,"column":69},"end":{"line":46,"column":74}},"loc":{"start":{"line":46,"column":79},"end":{"line":46,"column":92}},"line":46},"4":{"name":"generateAchievement","decl":{"start":{"line":62,"column":2},"end":{"line":62,"column":22}},"loc":{"start":{"line":62,"column":60},"end":{"line":72,"column":null}},"line":62},"5":{"name":"generateDescription","decl":{"start":{"line":77,"column":2},"end":{"line":77,"column":null}},"loc":{"start":{"line":83,"column":12},"end":{"line":130,"column":null}},"line":83},"6":{"name":"(anonymous_6)","decl":{"start":{"line":90,"column":47},"end":{"line":90,"column":54}},"loc":{"start":{"line":90,"column":59},"end":{"line":90,"column":71}},"line":90},"7":{"name":"(anonymous_7)","decl":{"start":{"line":91,"column":35},"end":{"line":91,"column":42}},"loc":{"start":{"line":92,"column":8},"end":{"line":93,"column":null}},"line":92},"8":{"name":"(anonymous_8)","decl":{"start":{"line":93,"column":58},"end":{"line":93,"column":63}},"loc":{"start":{"line":93,"column":68},"end":{"line":93,"column":95}},"line":93},"9":{"name":"generateSkills","decl":{"start":{"line":135,"column":2},"end":{"line":135,"column":17}},"loc":{"start":{"line":135,"column":89},"end":{"line":164,"column":null}},"line":135},"10":{"name":"(anonymous_10)","decl":{"start":{"line":136,"column":47},"end":{"line":136,"column":51}},"loc":{"start":{"line":136,"column":56},"end":{"line":136,"column":66}},"line":136},"11":{"name":"(anonymous_11)","decl":{"start":{"line":137,"column":28},"end":{"line":137,"column":36}},"loc":{"start":{"line":137,"column":41},"end":{"line":137,"column":55}},"line":137},"12":{"name":"(anonymous_12)","decl":{"start":{"line":150,"column":20},"end":{"line":150,"column":28}},"loc":{"start":{"line":150,"column":39},"end":{"line":155,"column":7}},"line":150},"13":{"name":"extractUsername","decl":{"start":{"line":177,"column":16},"end":{"line":177,"column":32}},"loc":{"start":{"line":177,"column":55},"end":{"line":224,"column":null}},"line":177},"14":{"name":"isValidUsername","decl":{"start":{"line":231,"column":16},"end":{"line":231,"column":32}},"loc":{"start":{"line":231,"column":59},"end":{"line":239,"column":null}},"line":231},"15":{"name":"fetchGitHubResumeData","decl":{"start":{"line":243,"column":22},"end":{"line":243,"column":44}},"loc":{"start":{"line":243,"column":80},"end":{"line":378,"column":null}},"line":243},"16":{"name":"(anonymous_16)","decl":{"start":{"line":261,"column":36},"end":{"line":261,"column":42}},"loc":{"start":{"line":261,"column":51},"end":{"line":261,"column":90}},"line":261},"17":{"name":"(anonymous_17)","decl":{"start":{"line":290,"column":5},"end":{"line":290,"column":12}},"loc":{"start":{"line":290,"column":20},"end":{"line":290,"column":30}},"line":290},"18":{"name":"(anonymous_18)","decl":{"start":{"line":291,"column":5},"end":{"line":291,"column":11}},"loc":{"start":{"line":291,"column":21},"end":{"line":291,"column":95}},"line":291},"19":{"name":"(anonymous_19)","decl":{"start":{"line":297,"column":51},"end":{"line":297,"column":55}},"loc":{"start":{"line":297,"column":63},"end":{"line":348,"column":3}},"line":297},"20":{"name":"(anonymous_20)","decl":{"start":{"line":371,"column":34},"end":{"line":371,"column":42}},"loc":{"start":{"line":371,"column":53},"end":{"line":371,"column":79}},"line":371},"21":{"name":"formatRepoName","decl":{"start":{"line":383,"column":9},"end":{"line":383,"column":24}},"loc":{"start":{"line":383,"column":46},"end":{"line":387,"column":null}},"line":383},"22":{"name":"(anonymous_22)","decl":{"start":{"line":384,"column":28},"end":{"line":384,"column":33}},"loc":{"start":{"line":385,"column":4},"end":{"line":385,"column":null}},"line":385}},"branchMap":{"0":{"loc":{"start":{"line":46,"column":6},"end":{"line":48,"column":null}},"type":"if","locations":[{"start":{"line":46,"column":6},"end":{"line":48,"column":null}},{"start":{},"end":{}}],"line":46},"1":{"loc":{"start":{"line":46,"column":10},"end":{"line":46,"column":96}},"type":"binary-expr","locations":[{"start":{"line":46,"column":10},"end":{"line":46,"column":38}},{"start":{"line":46,"column":38},"end":{"line":46,"column":96}}],"line":46},"2":{"loc":{"start":{"line":52,"column":4},"end":{"line":52,"column":null}},"type":"if","locations":[{"start":{"line":52,"column":4},"end":{"line":52,"column":null}},{"start":{},"end":{}}],"line":52},"3":{"loc":{"start":{"line":52,"column":8},"end":{"line":52,"column":67}},"type":"binary-expr","locations":[{"start":{"line":52,"column":8},"end":{"line":52,"column":39}},{"start":{"line":52,"column":39},"end":{"line":52,"column":67}}],"line":52},"4":{"loc":{"start":{"line":53,"column":4},"end":{"line":53,"column":null}},"type":"if","locations":[{"start":{"line":53,"column":4},"end":{"line":53,"column":null}},{"start":{},"end":{}}],"line":53},"5":{"loc":{"start":{"line":54,"column":4},"end":{"line":54,"column":null}},"type":"if","locations":[{"start":{"line":54,"column":4},"end":{"line":54,"column":null}},{"start":{},"end":{}}],"line":54},"6":{"loc":{"start":{"line":63,"column":4},"end":{"line":71,"column":null}},"type":"if","locations":[{"start":{"line":63,"column":4},"end":{"line":71,"column":null}},{"start":{"line":65,"column":11},"end":{"line":71,"column":null}}],"line":63},"7":{"loc":{"start":{"line":63,"column":8},"end":{"line":63,"column":36}},"type":"binary-expr","locations":[{"start":{"line":63,"column":8},"end":{"line":63,"column":23}},{"start":{"line":63,"column":23},"end":{"line":63,"column":36}}],"line":63},"8":{"loc":{"start":{"line":65,"column":11},"end":{"line":71,"column":null}},"type":"if","locations":[{"start":{"line":65,"column":11},"end":{"line":71,"column":null}},{"start":{"line":67,"column":11},"end":{"line":71,"column":null}}],"line":65},"9":{"loc":{"start":{"line":65,"column":15},"end":{"line":65,"column":40}},"type":"binary-expr","locations":[{"start":{"line":65,"column":15},"end":{"line":65,"column":29}},{"start":{"line":65,"column":29},"end":{"line":65,"column":40}}],"line":65},"10":{"loc":{"start":{"line":67,"column":11},"end":{"line":71,"column":null}},"type":"if","locations":[{"start":{"line":67,"column":11},"end":{"line":71,"column":null}},{"start":{"line":69,"column":11},"end":{"line":71,"column":null}}],"line":67},"11":{"loc":{"start":{"line":85,"column":27},"end":{"line":85,"column":null}},"type":"binary-expr","locations":[{"start":{"line":85,"column":27},"end":{"line":85,"column":66}},{"start":{"line":85,"column":66},"end":{"line":85,"column":null}}],"line":85},"12":{"loc":{"start":{"line":89,"column":4},"end":{"line":96,"column":null}},"type":"if","locations":[{"start":{"line":89,"column":4},"end":{"line":96,"column":null}},{"start":{},"end":{}}],"line":89},"13":{"loc":{"start":{"line":103,"column":21},"end":{"line":103,"column":null}},"type":"cond-expr","locations":[{"start":{"line":103,"column":33},"end":{"line":103,"column":91}},{"start":{"line":103,"column":91},"end":{"line":103,"column":null}}],"line":103},"14":{"loc":{"start":{"line":103,"column":33},"end":{"line":103,"column":91}},"type":"binary-expr","locations":[{"start":{"line":103,"column":33},"end":{"line":103,"column":68}},{"start":{"line":103,"column":68},"end":{"line":103,"column":91}}],"line":103},"15":{"loc":{"start":{"line":113,"column":4},"end":{"line":116,"column":null}},"type":"if","locations":[{"start":{"line":113,"column":4},"end":{"line":116,"column":null}},{"start":{},"end":{}}],"line":113},"16":{"loc":{"start":{"line":119,"column":4},"end":{"line":122,"column":null}},"type":"if","locations":[{"start":{"line":119,"column":4},"end":{"line":122,"column":null}},{"start":{},"end":{}}],"line":119},"17":{"loc":{"start":{"line":125,"column":4},"end":{"line":127,"column":null}},"type":"if","locations":[{"start":{"line":125,"column":4},"end":{"line":127,"column":null}},{"start":{},"end":{}}],"line":125},"18":{"loc":{"start":{"line":125,"column":8},"end":{"line":125,"column":55}},"type":"binary-expr","locations":[{"start":{"line":125,"column":8},"end":{"line":125,"column":23}},{"start":{"line":125,"column":23},"end":{"line":125,"column":55}}],"line":125},"19":{"loc":{"start":{"line":137,"column":41},"end":{"line":137,"column":55}},"type":"binary-expr","locations":[{"start":{"line":137,"column":41},"end":{"line":137,"column":53}},{"start":{"line":137,"column":53},"end":{"line":137,"column":55}}],"line":137},"20":{"loc":{"start":{"line":142,"column":4},"end":{"line":156,"column":null}},"type":"if","locations":[{"start":{"line":142,"column":4},"end":{"line":156,"column":null}},{"start":{},"end":{}}],"line":142},"21":{"loc":{"start":{"line":152,"column":8},"end":{"line":154,"column":null}},"type":"if","locations":[{"start":{"line":152,"column":8},"end":{"line":154,"column":null}},{"start":{},"end":{}}],"line":152},"22":{"loc":{"start":{"line":152,"column":12},"end":{"line":152,"column":43}},"type":"binary-expr","locations":[{"start":{"line":152,"column":12},"end":{"line":152,"column":23}},{"start":{"line":152,"column":23},"end":{"line":152,"column":43}}],"line":152},"23":{"loc":{"start":{"line":178,"column":2},"end":{"line":180,"column":null}},"type":"if","locations":[{"start":{"line":178,"column":2},"end":{"line":180,"column":null}},{"start":{},"end":{}}],"line":178},"24":{"loc":{"start":{"line":178,"column":6},"end":{"line":178,"column":43}},"type":"binary-expr","locations":[{"start":{"line":178,"column":6},"end":{"line":178,"column":16}},{"start":{"line":178,"column":16},"end":{"line":178,"column":43}}],"line":178},"25":{"loc":{"start":{"line":190,"column":2},"end":{"line":196,"column":null}},"type":"if","locations":[{"start":{"line":190,"column":2},"end":{"line":196,"column":null}},{"start":{},"end":{}}],"line":190},"26":{"loc":{"start":{"line":192,"column":4},"end":{"line":194,"column":null}},"type":"if","locations":[{"start":{"line":192,"column":4},"end":{"line":194,"column":null}},{"start":{},"end":{}}],"line":192},"27":{"loc":{"start":{"line":200,"column":2},"end":{"line":206,"column":null}},"type":"if","locations":[{"start":{"line":200,"column":2},"end":{"line":206,"column":null}},{"start":{},"end":{}}],"line":200},"28":{"loc":{"start":{"line":202,"column":4},"end":{"line":204,"column":null}},"type":"if","locations":[{"start":{"line":202,"column":4},"end":{"line":204,"column":null}},{"start":{},"end":{}}],"line":202},"29":{"loc":{"start":{"line":209,"column":2},"end":{"line":215,"column":null}},"type":"if","locations":[{"start":{"line":209,"column":2},"end":{"line":215,"column":null}},{"start":{},"end":{}}],"line":209},"30":{"loc":{"start":{"line":212,"column":4},"end":{"line":214,"column":null}},"type":"if","locations":[{"start":{"line":212,"column":4},"end":{"line":214,"column":null}},{"start":{},"end":{}}],"line":212},"31":{"loc":{"start":{"line":212,"column":8},"end":{"line":212,"column":65}},"type":"binary-expr","locations":[{"start":{"line":212,"column":8},"end":{"line":212,"column":29}},{"start":{"line":212,"column":29},"end":{"line":212,"column":65}}],"line":212},"32":{"loc":{"start":{"line":219,"column":2},"end":{"line":221,"column":null}},"type":"if","locations":[{"start":{"line":219,"column":2},"end":{"line":221,"column":null}},{"start":{},"end":{}}],"line":219},"33":{"loc":{"start":{"line":232,"column":2},"end":{"line":234,"column":null}},"type":"if","locations":[{"start":{"line":232,"column":2},"end":{"line":234,"column":null}},{"start":{},"end":{}}],"line":232},"34":{"loc":{"start":{"line":232,"column":6},"end":{"line":232,"column":66}},"type":"binary-expr","locations":[{"start":{"line":232,"column":6},"end":{"line":232,"column":19}},{"start":{"line":232,"column":19},"end":{"line":232,"column":44}},{"start":{"line":232,"column":44},"end":{"line":232,"column":66}}],"line":232},"35":{"loc":{"start":{"line":255,"column":2},"end":{"line":255,"column":null}},"type":"if","locations":[{"start":{"line":255,"column":2},"end":{"line":255,"column":null}},{"start":{},"end":{}}],"line":255},"36":{"loc":{"start":{"line":267,"column":6},"end":{"line":281,"column":null}},"type":"if","locations":[{"start":{"line":267,"column":6},"end":{"line":281,"column":null}},{"start":{},"end":{}}],"line":267},"37":{"loc":{"start":{"line":270,"column":8},"end":{"line":280,"column":null}},"type":"if","locations":[{"start":{"line":270,"column":8},"end":{"line":280,"column":null}},{"start":{},"end":{}}],"line":270},"38":{"loc":{"start":{"line":309,"column":6},"end":{"line":309,"column":null}},"type":"binary-expr","locations":[{"start":{"line":309,"column":6},"end":{"line":309,"column":21}},{"start":{"line":309,"column":21},"end":{"line":309,"column":null}}],"line":309},"39":{"loc":{"start":{"line":310,"column":6},"end":{"line":310,"column":null}},"type":"binary-expr","locations":[{"start":{"line":310,"column":6},"end":{"line":310,"column":23}},{"start":{"line":310,"column":23},"end":{"line":310,"column":null}}],"line":310},"40":{"loc":{"start":{"line":315,"column":4},"end":{"line":319,"column":null}},"type":"if","locations":[{"start":{"line":315,"column":4},"end":{"line":319,"column":null}},{"start":{"line":317,"column":11},"end":{"line":319,"column":null}}],"line":315},"41":{"loc":{"start":{"line":315,"column":8},"end":{"line":315,"column":47}},"type":"binary-expr","locations":[{"start":{"line":315,"column":8},"end":{"line":315,"column":23}},{"start":{"line":315,"column":23},"end":{"line":315,"column":47}}],"line":315},"42":{"loc":{"start":{"line":318,"column":37},"end":{"line":318,"column":78}},"type":"binary-expr","locations":[{"start":{"line":318,"column":37},"end":{"line":318,"column":54}},{"start":{"line":318,"column":54},"end":{"line":318,"column":78}}],"line":318},"43":{"loc":{"start":{"line":322,"column":4},"end":{"line":324,"column":null}},"type":"if","locations":[{"start":{"line":322,"column":4},"end":{"line":324,"column":null}},{"start":{},"end":{}}],"line":322},"44":{"loc":{"start":{"line":331,"column":4},"end":{"line":340,"column":null}},"type":"if","locations":[{"start":{"line":331,"column":4},"end":{"line":340,"column":null}},{"start":{"line":334,"column":11},"end":{"line":340,"column":null}}],"line":331},"45":{"loc":{"start":{"line":334,"column":11},"end":{"line":340,"column":null}},"type":"if","locations":[{"start":{"line":334,"column":11},"end":{"line":340,"column":null}},{"start":{"line":337,"column":11},"end":{"line":340,"column":null}}],"line":334},"46":{"loc":{"start":{"line":351,"column":54},"end":{"line":351,"column":75}},"type":"binary-expr","locations":[{"start":{"line":351,"column":54},"end":{"line":351,"column":71}},{"start":{"line":351,"column":71},"end":{"line":351,"column":75}}],"line":351},"47":{"loc":{"start":{"line":356,"column":12},"end":{"line":356,"column":null}},"type":"binary-expr","locations":[{"start":{"line":356,"column":12},"end":{"line":356,"column":28}},{"start":{"line":356,"column":28},"end":{"line":356,"column":null}}],"line":356},"48":{"loc":{"start":{"line":357,"column":13},"end":{"line":357,"column":null}},"type":"cond-expr","locations":[{"start":{"line":357,"column":27},"end":{"line":357,"column":55}},{"start":{"line":357,"column":55},"end":{"line":357,"column":null}}],"line":357},"49":{"loc":{"start":{"line":358,"column":13},"end":{"line":358,"column":null}},"type":"binary-expr","locations":[{"start":{"line":358,"column":13},"end":{"line":358,"column":30}},{"start":{"line":358,"column":30},"end":{"line":358,"column":null}}],"line":358},"50":{"loc":{"start":{"line":360,"column":16},"end":{"line":360,"column":null}},"type":"binary-expr","locations":[{"start":{"line":360,"column":16},"end":{"line":360,"column":36}},{"start":{"line":360,"column":36},"end":{"line":360,"column":null}}],"line":360},"51":{"loc":{"start":{"line":362,"column":16},"end":{"line":362,"column":null}},"type":"cond-expr","locations":[{"start":{"line":362,"column":68},"end":{"line":362,"column":83}},{"start":{"line":362,"column":83},"end":{"line":362,"column":null}}],"line":362},"52":{"loc":{"start":{"line":362,"column":16},"end":{"line":362,"column":68}},"type":"binary-expr","locations":[{"start":{"line":362,"column":16},"end":{"line":362,"column":32}},{"start":{"line":362,"column":32},"end":{"line":362,"column":68}}],"line":362}},"s":{"0":1,"1":1,"2":1,"3":0,"4":0,"5":0,"6":0,"7":0,"8":0,"9":0,"10":0,"11":0,"12":0,"13":0,"14":0,"15":0,"16":0,"17":0,"18":0,"19":0,"20":0,"21":0,"22":0,"23":0,"24":0,"25":0,"26":0,"27":0,"28":0,"29":0,"30":0,"31":0,"32":0,"33":0,"34":0,"35":0,"36":0,"37":0,"38":0,"39":0,"40":0,"41":0,"42":0,"43":0,"44":0,"45":0,"46":0,"47":0,"48":0,"49":0,"50":0,"51":0,"52":0,"53":0,"54":0,"55":0,"56":0,"57":0,"58":0,"59":0,"60":0,"61":0,"62":13,"63":1,"64":12,"65":12,"66":12,"67":12,"68":4,"69":4,"70":0,"71":4,"72":8,"73":8,"74":2,"75":2,"76":0,"77":2,"78":6,"79":0,"80":0,"81":0,"82":0,"83":6,"84":6,"85":1,"86":5,"87":19,"88":2,"89":17,"90":17,"91":1,"92":0,"93":0,"94":0,"95":0,"96":0,"97":0,"98":0,"99":0,"100":0,"101":0,"102":0,"103":0,"104":0,"105":0,"106":0,"107":0,"108":0,"109":0,"110":0,"111":0,"112":0,"113":0,"114":0,"115":0,"116":0,"117":0,"118":0,"119":0,"120":0,"121":0,"122":0,"123":0,"124":0,"125":0,"126":0,"127":0,"128":0,"129":0,"130":0,"131":0,"132":0,"133":0,"134":0,"135":0,"136":0,"137":0,"138":0,"139":0,"140":0,"141":0,"142":0,"143":0},"f":{"0":0,"1":0,"2":0,"3":0,"4":0,"5":0,"6":0,"7":0,"8":0,"9":0,"10":0,"11":0,"12":0,"13":13,"14":19,"15":0,"16":0,"17":0,"18":0,"19":0,"20":0,"21":0,"22":0},"b":{"0":[0,0],"1":[0,0],"2":[0,0],"3":[0,0],"4":[0,0],"5":[0,0],"6":[0,0],"7":[0,0],"8":[0,0],"9":[0,0],"10":[0,0],"11":[0,0],"12":[0,0],"13":[0,0],"14":[0,0],"15":[0,0],"16":[0,0],"17":[0,0],"18":[0,0],"19":[0,0],"20":[0,0],"21":[0,0],"22":[0,0],"23":[1,12],"24":[13,12],"25":[4,8],"26":[0,4],"27":[2,6],"28":[0,2],"29":[0,6],"30":[0,0],"31":[0,0],"32":[1,5],"33":[2,17],"34":[19,18,18],"35":[0,0],"36":[0,0],"37":[0,0],"38":[0,0],"39":[0,0],"40":[0,0],"41":[0,0],"42":[0,0],"43":[0,0],"44":[0,0],"45":[0,0],"46":[0,0],"47":[0,0],"48":[0,0],"49":[0,0],"50":[0,0],"51":[0,0],"52":[0,0]},"meta":{"lastBranch":53,"lastFunction":23,"lastStatement":144,"seen":{"s:7:24:10:Infinity":0,"s:12:51:21:Infinity":1,"s:23:53:36:Infinity":2,"f:41:2:41:20":0,"s:42:22:42:Infinity":3,"s:43:24:43:Infinity":4,"f:43:31:43:35":1,"s:43:40:43:55":5,"s:45:4:49:Infinity":6,"b:46:6:48:Infinity:undefined:undefined:undefined:undefined":0,"s:46:6:48:Infinity":7,"b:46:10:46:38:46:38:46:96":1,"f:46:50:46:55":2,"s:46:60:46:93":8,"f:46:69:46:74":3,"s:46:79:46:92":9,"s:47:8:47:Infinity":10,"b:52:4:52:Infinity:undefined:undefined:undefined:undefined":2,"s:52:4:52:Infinity":11,"b:52:8:52:39:52:39:52:67":3,"s:52:67:52:Infinity":12,"b:53:4:53:Infinity:undefined:undefined:undefined:undefined":4,"s:53:4:53:Infinity":13,"s:53:35:53:Infinity":14,"b:54:4:54:Infinity:undefined:undefined:undefined:undefined":5,"s:54:4:54:Infinity":15,"s:54:35:54:Infinity":16,"s:56:4:56:Infinity":17,"f:62:2:62:22":4,"b:63:4:71:Infinity:65:11:71:Infinity":6,"s:63:4:71:Infinity":18,"b:63:8:63:23:63:23:63:36":7,"s:64:6:64:Infinity":19,"b:65:11:71:Infinity:67:11:71:Infinity":8,"s:65:11:71:Infinity":20,"b:65:15:65:29:65:29:65:40":9,"s:66:6:66:Infinity":21,"b:67:11:71:Infinity:69:11:71:Infinity":10,"s:67:11:71:Infinity":22,"s:68:6:68:Infinity":23,"s:70:6:70:Infinity":24,"f:77:2:77:Infinity":5,"s:84:24:84:Infinity":25,"s:85:27:85:Infinity":26,"b:85:27:85:66:85:66:85:Infinity":11,"s:88:35:88:Infinity":27,"b:89:4:96:Infinity:undefined:undefined:undefined:undefined":12,"s:89:4:96:Infinity":28,"s:90:20:90:Infinity":29,"f:90:47:90:54":6,"s:90:59:90:71":30,"s:91:29:94:Infinity":31,"f:91:35:91:42":7,"s:92:8:93:Infinity":32,"f:93:58:93:63":8,"s:93:68:93:95":33,"s:95:6:95:Infinity":34,"s:99:10:99:Infinity":35,"s:100:23:100:Infinity":36,"s:103:21:103:Infinity":37,"b:103:33:103:91:103:91:103:Infinity":13,"b:103:33:103:68:103:68:103:91":14,"s:106:29:110:Infinity":38,"b:113:4:116:Infinity:undefined:undefined:undefined:undefined":15,"s:113:4:116:Infinity":39,"s:114:28:114:Infinity":40,"s:115:6:115:Infinity":41,"b:119:4:122:Infinity:undefined:undefined:undefined:undefined":16,"s:119:4:122:Infinity":42,"s:120:24:120:Infinity":43,"s:121:6:121:Infinity":44,"b:125:4:127:Infinity:undefined:undefined:undefined:undefined":17,"s:125:4:127:Infinity":45,"b:125:8:125:23:125:23:125:55":18,"s:126:6:126:Infinity":46,"s:129:4:129:Infinity":47,"f:135:2:135:17":9,"s:136:22:136:Infinity":48,"f:136:47:136:51":10,"s:136:56:136:66":49,"s:137:22:137:Infinity":50,"f:137:28:137:36":11,"s:137:41:137:55":51,"b:137:41:137:53:137:53:137:55":19,"s:138:25:138:Infinity":52,"s:141:33:141:Infinity":53,"b:142:4:156:Infinity:undefined:undefined:undefined:undefined":20,"s:142:4:156:Infinity":54,"s:143:28:148:Infinity":55,"s:150:6:155:Infinity":56,"f:150:20:150:28":12,"s:151:24:151:Infinity":57,"b:152:8:154:Infinity:undefined:undefined:undefined:undefined":21,"s:152:8:154:Infinity":58,"b:152:12:152:23:152:23:152:43":22,"s:153:10:153:Infinity":59,"s:158:27:158:Infinity":60,"s:160:4:163:Infinity":61,"f:177:16:177:32":13,"b:178:2:180:Infinity:undefined:undefined:undefined:undefined":23,"s:178:2:180:Infinity":62,"b:178:6:178:16:178:16:178:43":24,"s:179:4:179:Infinity":63,"s:183:19:183:Infinity":64,"s:186:2:186:Infinity":65,"s:189:19:189:Infinity":66,"b:190:2:196:Infinity:undefined:undefined:undefined:undefined":25,"s:190:2:196:Infinity":67,"s:191:21:191:Infinity":68,"b:192:4:194:Infinity:undefined:undefined:undefined:undefined":26,"s:192:4:194:Infinity":69,"s:193:6:193:Infinity":70,"s:195:4:195:Infinity":71,"s:199:26:199:Infinity":72,"b:200:2:206:Infinity:undefined:undefined:undefined:undefined":27,"s:200:2:206:Infinity":73,"s:201:21:201:Infinity":74,"b:202:4:204:Infinity:undefined:undefined:undefined:undefined":28,"s:202:4:204:Infinity":75,"s:203:6:203:Infinity":76,"s:205:4:205:Infinity":77,"b:209:2:215:Infinity:undefined:undefined:undefined:undefined":29,"s:209:2:215:Infinity":78,"s:210:18:210:Infinity":79,"s:211:30:211:Infinity":80,"b:212:4:214:Infinity:undefined:undefined:undefined:undefined":30,"s:212:4:214:Infinity":81,"b:212:8:212:29:212:29:212:65":31,"s:213:6:213:Infinity":82,"s:218:19:218:Infinity":83,"b:219:2:221:Infinity:undefined:undefined:undefined:undefined":32,"s:219:2:221:Infinity":84,"s:220:4:220:Infinity":85,"s:223:2:223:Infinity":86,"f:231:16:231:32":14,"b:232:2:234:Infinity:undefined:undefined:undefined:undefined":33,"s:232:2:234:Infinity":87,"b:232:6:232:19:232:19:232:44:232:44:232:66":34,"s:233:4:233:Infinity":88,"s:237:32:237:Infinity":89,"s:238:2:238:Infinity":90,"s:241:20:241:Infinity":91,"f:243:22:243:44":15,"s:245:19:245:Infinity":92,"s:247:18:247:Infinity":93,"s:250:30:253:Infinity":94,"b:255:2:255:Infinity:undefined:undefined:undefined:undefined":35,"s:255:2:255:Infinity":95,"s:255:19:255:Infinity":96,"s:256:18:256:Infinity":97,"s:257:19:257:Infinity":98,"s:261:22:261:Infinity":99,"f:261:36:261:42":16,"s:261:51:261:90":100,"s:264:2:286:Infinity":101,"s:265:4:285:Infinity":102,"s:266:24:266:Infinity":103,"b:267:6:281:Infinity:undefined:undefined:undefined:undefined":36,"s:267:6:281:Infinity":104,"s:268:27:268:Infinity":105,"b:270:8:280:Infinity:undefined:undefined:undefined:undefined":37,"s:270:8:280:Infinity":106,"s:272:31:272:Infinity":107,"s:273:24:273:Infinity":108,"s:274:10:276:Infinity":109,"s:274:23:274:26":110,"s:275:12:275:Infinity":111,"s:277:26:277:Infinity":112,"s:278:10:278:Infinity":113,"s:279:10:279:Infinity":114,"s:284:6:284:Infinity":115,"s:289:19:292:Infinity":116,"f:290:5:290:12":17,"s:290:20:290:30":117,"f:291:5:291:11":18,"s:291:21:291:95":118,"s:294:22:294:Infinity":119,"s:297:42:348:Infinity":120,"f:297:51:297:55":19,"s:298:30:298:Infinity":121,"s:301:24:301:Infinity":122,"s:302:4:302:Infinity":123,"s:305:29:311:Infinity":124,"b:309:6:309:21:309:21:309:Infinity":38,"b:310:6:310:23:310:23:310:Infinity":39,"s:312:4:312:Infinity":125,"b:315:4:319:Infinity:317:11:319:Infinity":40,"s:315:4:319:Infinity":126,"b:315:8:315:23:315:23:315:47":41,"s:316:6:316:Infinity":127,"s:318:6:318:Infinity":128,"b:318:37:318:54:318:54:318:78":42,"b:322:4:324:Infinity:undefined:undefined:undefined:undefined":43,"s:322:4:324:Infinity":129,"s:323:6:323:Infinity":130,"s:327:22:327:Infinity":131,"s:328:20:328:Infinity":132,"b:331:4:340:Infinity:334:11:340:Infinity":44,"s:331:4:340:Infinity":133,"s:333:6:333:Infinity":134,"b:334:11:340:Infinity:337:11:340:Infinity":45,"s:334:11:340:Infinity":135,"s:336:6:336:Infinity":136,"s:339:6:339:Infinity":137,"s:342:4:347:Infinity":138,"s:351:17:351:Infinity":139,"b:351:54:351:71:351:71:351:75":46,"s:354:2:377:Infinity":140,"b:356:12:356:28:356:28:356:Infinity":47,"b:357:27:357:55:357:55:357:Infinity":48,"b:358:13:358:30:358:30:358:Infinity":49,"b:360:16:360:36:360:36:360:Infinity":50,"b:362:68:362:83:362:83:362:Infinity":51,"b:362:16:362:32:362:32:362:68":52,"f:371:34:371:42":20,"s:371:53:371:79":141,"f:383:9:383:24":21,"s:384:2:386:Infinity":142,"f:384:28:384:33":22,"s:385:4:385:Infinity":143},"fnNames":{}}}
,"/workspace/src/main.ts": {"path":"/workspace/src/main.ts","statementMap":{"0":{"start":{"line":8,"column":43},"end":{"line":8,"column":null}},"1":{"start":{"line":9,"column":54},"end":{"line":9,"column":null}},"2":{"start":{"line":10,"column":24},"end":{"line":10,"column":null}},"3":{"start":{"line":12,"column":6},"end":{"line":12,"column":null}},"4":{"start":{"line":18,"column":2},"end":{"line":18,"column":null}},"5":{"start":{"line":19,"column":12},"end":{"line":19,"column":null}},"6":{"start":{"line":22,"column":8},"end":{"line":25,"column":null}},"7":{"start":{"line":23,"column":15},"end":{"line":23,"column":null}},"8":{"start":{"line":24,"column":4},"end":{"line":24,"column":null}},"9":{"start":{"line":24,"column":12},"end":{"line":24,"column":null}},"10":{"start":{"line":27,"column":2},"end":{"line":27,"column":null}},"11":{"start":{"line":28,"column":2},"end":{"line":28,"column":null}},"12":{"start":{"line":29,"column":2},"end":{"line":29,"column":null}},"13":{"start":{"line":30,"column":2},"end":{"line":30,"column":null}},"14":{"start":{"line":33,"column":22},"end":{"line":33,"column":null}},"15":{"start":{"line":34,"column":2},"end":{"line":34,"column":null}},"16":{"start":{"line":34,"column":19},"end":{"line":34,"column":null}},"17":{"start":{"line":37,"column":2},"end":{"line":42,"column":null}},"18":{"start":{"line":38,"column":16},"end":{"line":38,"column":null}},"19":{"start":{"line":39,"column":4},"end":{"line":41,"column":null}},"20":{"start":{"line":40,"column":6},"end":{"line":40,"column":null}},"21":{"start":{"line":45,"column":25},"end":{"line":45,"column":null}},"22":{"start":{"line":46,"column":2},"end":{"line":49,"column":null}},"23":{"start":{"line":47,"column":19},"end":{"line":47,"column":null}},"24":{"start":{"line":48,"column":4},"end":{"line":48,"column":null}},"25":{"start":{"line":52,"column":2},"end":{"line":52,"column":null}},"26":{"start":{"line":59,"column":2},"end":{"line":59,"column":null}},"27":{"start":{"line":60,"column":2},"end":{"line":60,"column":null}},"28":{"start":{"line":61,"column":2},"end":{"line":61,"column":null}},"29":{"start":{"line":68,"column":2},"end":{"line":68,"column":null}},"30":{"start":{"line":71,"column":17},"end":{"line":71,"column":null}},"31":{"start":{"line":72,"column":2},"end":{"line":74,"column":null}},"32":{"start":{"line":73,"column":4},"end":{"line":73,"column":null}},"33":{"start":{"line":77,"column":2},"end":{"line":105,"column":null}},"34":{"start":{"line":78,"column":20},"end":{"line":78,"column":null}},"35":{"start":{"line":79,"column":4},"end":{"line":79,"column":null}},"36":{"start":{"line":82,"column":23},"end":{"line":82,"column":null}},"37":{"start":{"line":83,"column":4},"end":{"line":92,"column":null}},"38":{"start":{"line":84,"column":17},"end":{"line":84,"column":null}},"39":{"start":{"line":85,"column":6},"end":{"line":91,"column":null}},"40":{"start":{"line":86,"column":8},"end":{"line":86,"column":null}},"41":{"start":{"line":87,"column":13},"end":{"line":91,"column":null}},"42":{"start":{"line":88,"column":8},"end":{"line":88,"column":null}},"43":{"start":{"line":89,"column":13},"end":{"line":91,"column":null}},"44":{"start":{"line":90,"column":8},"end":{"line":90,"column":null}},"45":{"start":{"line":95,"column":18},"end":{"line":95,"column":null}},"46":{"start":{"line":96,"column":4},"end":{"line":104,"column":null}},"47":{"start":{"line":97,"column":6},"end":{"line":103,"column":null}},"48":{"start":{"line":98,"column":8},"end":{"line":98,"column":null}},"49":{"start":{"line":99,"column":8},"end":{"line":99,"column":null}},"50":{"start":{"line":101,"column":8},"end":{"line":101,"column":null}},"51":{"start":{"line":102,"column":8},"end":{"line":102,"column":null}},"52":{"start":{"line":108,"column":0},"end":{"line":271,"column":null}},"53":{"start":{"line":109,"column":20},"end":{"line":109,"column":null}},"54":{"start":{"line":110,"column":17},"end":{"line":110,"column":null}},"55":{"start":{"line":111,"column":25},"end":{"line":111,"column":null}},"56":{"start":{"line":112,"column":2},"end":{"line":112,"column":null}},"57":{"start":{"line":112,"column":18},"end":{"line":112,"column":null}},"58":{"start":{"line":115,"column":21},"end":{"line":115,"column":null}},"59":{"start":{"line":116,"column":20},"end":{"line":116,"column":null}},"60":{"start":{"line":117,"column":2},"end":{"line":119,"column":null}},"61":{"start":{"line":118,"column":4},"end":{"line":118,"column":null}},"62":{"start":{"line":122,"column":20},"end":{"line":122,"column":null}},"63":{"start":{"line":123,"column":2},"end":{"line":125,"column":null}},"64":{"start":{"line":124,"column":4},"end":{"line":124,"column":null}},"65":{"start":{"line":128,"column":2},"end":{"line":128,"column":null}},"66":{"start":{"line":129,"column":2},"end":{"line":129,"column":null}},"67":{"start":{"line":132,"column":2},"end":{"line":132,"column":null}},"68":{"start":{"line":132,"column":19},"end":{"line":132,"column":39}},"69":{"start":{"line":135,"column":33},"end":{"line":135,"column":null}},"70":{"start":{"line":136,"column":2},"end":{"line":147,"column":null}},"71":{"start":{"line":137,"column":4},"end":{"line":137,"column":null}},"72":{"start":{"line":138,"column":4},"end":{"line":146,"column":null}},"73":{"start":{"line":139,"column":6},"end":{"line":139,"column":null}},"74":{"start":{"line":140,"column":6},"end":{"line":140,"column":null}},"75":{"start":{"line":141,"column":6},"end":{"line":141,"column":null}},"76":{"start":{"line":143,"column":6},"end":{"line":143,"column":null}},"77":{"start":{"line":144,"column":6},"end":{"line":144,"column":null}},"78":{"start":{"line":145,"column":6},"end":{"line":145,"column":null}},"79":{"start":{"line":150,"column":2},"end":{"line":152,"column":null}},"80":{"start":{"line":151,"column":4},"end":{"line":151,"column":null}},"81":{"start":{"line":155,"column":21},"end":{"line":155,"column":null}},"82":{"start":{"line":156,"column":2},"end":{"line":162,"column":null}},"83":{"start":{"line":157,"column":4},"end":{"line":157,"column":null}},"84":{"start":{"line":158,"column":4},"end":{"line":161,"column":null}},"85":{"start":{"line":159,"column":23},"end":{"line":159,"column":null}},"86":{"start":{"line":160,"column":6},"end":{"line":160,"column":null}},"87":{"start":{"line":165,"column":2},"end":{"line":179,"column":null}},"88":{"start":{"line":166,"column":4},"end":{"line":178,"column":null}},"89":{"start":{"line":167,"column":21},"end":{"line":167,"column":null}},"90":{"start":{"line":168,"column":6},"end":{"line":177,"column":null}},"91":{"start":{"line":170,"column":8},"end":{"line":170,"column":null}},"92":{"start":{"line":172,"column":8},"end":{"line":172,"column":null}},"93":{"start":{"line":175,"column":8},"end":{"line":175,"column":null}},"94":{"start":{"line":175,"column":62},"end":{"line":175,"column":90}},"95":{"start":{"line":176,"column":8},"end":{"line":176,"column":null}},"96":{"start":{"line":182,"column":2},"end":{"line":192,"column":null}},"97":{"start":{"line":183,"column":4},"end":{"line":191,"column":null}},"98":{"start":{"line":184,"column":20},"end":{"line":184,"column":null}},"99":{"start":{"line":185,"column":6},"end":{"line":190,"column":null}},"100":{"start":{"line":186,"column":8},"end":{"line":186,"column":null}},"101":{"start":{"line":188,"column":8},"end":{"line":188,"column":null}},"102":{"start":{"line":188,"column":61},"end":{"line":188,"column":89}},"103":{"start":{"line":189,"column":8},"end":{"line":189,"column":null}},"104":{"start":{"line":195,"column":20},"end":{"line":195,"column":null}},"105":{"start":{"line":196,"column":22},"end":{"line":196,"column":null}},"106":{"start":{"line":198,"column":2},"end":{"line":241,"column":null}},"107":{"start":{"line":199,"column":18},"end":{"line":199,"column":null}},"108":{"start":{"line":202,"column":4},"end":{"line":207,"column":null}},"109":{"start":{"line":203,"column":6},"end":{"line":205,"column":null}},"110":{"start":{"line":206,"column":6},"end":{"line":206,"column":null}},"111":{"start":{"line":209,"column":4},"end":{"line":240,"column":null}},"112":{"start":{"line":210,"column":6},"end":{"line":210,"column":null}},"113":{"start":{"line":210,"column":18},"end":{"line":210,"column":null}},"114":{"start":{"line":211,"column":6},"end":{"line":211,"column":null}},"115":{"start":{"line":211,"column":26},"end":{"line":211,"column":null}},"116":{"start":{"line":212,"column":6},"end":{"line":212,"column":null}},"117":{"start":{"line":214,"column":19},"end":{"line":214,"column":null}},"118":{"start":{"line":215,"column":6},"end":{"line":215,"column":null}},"119":{"start":{"line":216,"column":6},"end":{"line":216,"column":null}},"120":{"start":{"line":219,"column":27},"end":{"line":219,"column":null}},"121":{"start":{"line":221,"column":6},"end":{"line":235,"column":null}},"122":{"start":{"line":222,"column":8},"end":{"line":227,"column":null}},"123":{"start":{"line":229,"column":8},"end":{"line":234,"column":null}},"124":{"start":{"line":237,"column":6},"end":{"line":237,"column":null}},"125":{"start":{"line":237,"column":18},"end":{"line":237,"column":null}},"126":{"start":{"line":238,"column":6},"end":{"line":238,"column":null}},"127":{"start":{"line":238,"column":26},"end":{"line":238,"column":null}},"128":{"start":{"line":239,"column":6},"end":{"line":239,"column":null}},"129":{"start":{"line":244,"column":2},"end":{"line":259,"column":null}},"130":{"start":{"line":245,"column":4},"end":{"line":245,"column":null}},"131":{"start":{"line":245,"column":28},"end":{"line":245,"column":null}},"132":{"start":{"line":246,"column":17},"end":{"line":246,"column":null}},"133":{"start":{"line":247,"column":16},"end":{"line":247,"column":null}},"134":{"start":{"line":248,"column":14},"end":{"line":248,"column":null}},"135":{"start":{"line":249,"column":4},"end":{"line":249,"column":null}},"136":{"start":{"line":250,"column":4},"end":{"line":250,"column":null}},"137":{"start":{"line":251,"column":4},"end":{"line":251,"column":null}},"138":{"start":{"line":252,"column":4},"end":{"line":252,"column":null}},"139":{"start":{"line":253,"column":4},"end":{"line":258,"column":null}},"140":{"start":{"line":262,"column":2},"end":{"line":270,"column":null}},"141":{"start":{"line":263,"column":4},"end":{"line":263,"column":null}},"142":{"start":{"line":264,"column":4},"end":{"line":269,"column":null}},"143":{"start":{"line":278,"column":19},"end":{"line":278,"column":null}},"144":{"start":{"line":279,"column":2},"end":{"line":279,"column":null}},"145":{"start":{"line":279,"column":16},"end":{"line":279,"column":null}},"146":{"start":{"line":281,"column":16},"end":{"line":281,"column":null}},"147":{"start":{"line":282,"column":2},"end":{"line":282,"column":null}},"148":{"start":{"line":283,"column":2},"end":{"line":283,"column":null}},"149":{"start":{"line":284,"column":2},"end":{"line":288,"column":null}},"150":{"start":{"line":297,"column":2},"end":{"line":297,"column":null}},"151":{"start":{"line":299,"column":2},"end":{"line":303,"column":null}},"152":{"start":{"line":300,"column":4},"end":{"line":300,"column":null}},"153":{"start":{"line":301,"column":4},"end":{"line":301,"column":null}},"154":{"start":{"line":302,"column":4},"end":{"line":302,"column":null}},"155":{"start":{"line":302,"column":21},"end":{"line":302,"column":37}},"156":{"start":{"line":310,"column":17},"end":{"line":310,"column":null}},"157":{"start":{"line":311,"column":2},"end":{"line":311,"column":null}},"158":{"start":{"line":311,"column":15},"end":{"line":311,"column":null}},"159":{"start":{"line":313,"column":43},"end":{"line":317,"column":null}},"160":{"start":{"line":319,"column":15},"end":{"line":319,"column":null}},"161":{"start":{"line":320,"column":2},"end":{"line":320,"column":null}},"162":{"start":{"line":321,"column":2},"end":{"line":321,"column":null}},"163":{"start":{"line":338,"column":2},"end":{"line":344,"column":null}},"164":{"start":{"line":339,"column":4},"end":{"line":339,"column":null}},"165":{"start":{"line":340,"column":4},"end":{"line":340,"column":null}},"166":{"start":{"line":341,"column":4},"end":{"line":343,"column":null}},"167":{"start":{"line":342,"column":6},"end":{"line":342,"column":null}}},"fnMap":{"0":{"name":"updateInterfaceLanguage","decl":{"start":{"line":17,"column":9},"end":{"line":17,"column":33}},"loc":{"start":{"line":17,"column":51},"end":{"line":53,"column":null}},"line":17},"1":{"name":"(anonymous_1)","decl":{"start":{"line":22,"column":8},"end":{"line":22,"column":22}},"loc":{"start":{"line":22,"column":51},"end":{"line":25,"column":null}},"line":22},"2":{"name":"(anonymous_2)","decl":{"start":{"line":37,"column":43},"end":{"line":37,"column":51}},"loc":{"start":{"line":37,"column":57},"end":{"line":42,"column":3}},"line":37},"3":{"name":"updateUI","decl":{"start":{"line":58,"column":9},"end":{"line":58,"column":18}},"loc":{"start":{"line":58,"column":66},"end":{"line":62,"column":null}},"line":58},"4":{"name":"applyTextAlign","decl":{"start":{"line":67,"column":9},"end":{"line":67,"column":24}},"loc":{"start":{"line":67,"column":92},"end":{"line":106,"column":null}},"line":67},"5":{"name":"(anonymous_5)","decl":{"start":{"line":77,"column":47},"end":{"line":77,"column":55}},"loc":{"start":{"line":77,"column":61},"end":{"line":105,"column":3}},"line":77},"6":{"name":"(anonymous_6)","decl":{"start":{"line":96,"column":10},"end":{"line":96,"column":18}},"loc":{"start":{"line":96,"column":24},"end":{"line":104,"column":5}},"line":96},"7":{"name":"(anonymous_7)","decl":{"start":{"line":108,"column":26},"end":{"line":108,"column":52}},"loc":{"start":{"line":108,"column":52},"end":{"line":271,"column":1}},"line":108},"8":{"name":"(anonymous_8)","decl":{"start":{"line":132,"column":2},"end":{"line":132,"column":19}},"loc":{"start":{"line":132,"column":19},"end":{"line":132,"column":39}},"line":132},"9":{"name":"(anonymous_9)","decl":{"start":{"line":136,"column":43},"end":{"line":136,"column":58}},"loc":{"start":{"line":136,"column":58},"end":{"line":147,"column":3}},"line":136},"10":{"name":"(anonymous_10)","decl":{"start":{"line":158,"column":32},"end":{"line":158,"column":43}},"loc":{"start":{"line":158,"column":49},"end":{"line":161,"column":5}},"line":158},"11":{"name":"(anonymous_11)","decl":{"start":{"line":165,"column":43},"end":{"line":165,"column":51}},"loc":{"start":{"line":165,"column":58},"end":{"line":179,"column":3}},"line":165},"12":{"name":"(anonymous_12)","decl":{"start":{"line":166,"column":25},"end":{"line":166,"column":40}},"loc":{"start":{"line":166,"column":40},"end":{"line":178,"column":5}},"line":166},"13":{"name":"(anonymous_13)","decl":{"start":{"line":175,"column":49},"end":{"line":175,"column":57}},"loc":{"start":{"line":175,"column":62},"end":{"line":175,"column":90}},"line":175},"14":{"name":"(anonymous_14)","decl":{"start":{"line":182,"column":42},"end":{"line":182,"column":50}},"loc":{"start":{"line":182,"column":57},"end":{"line":192,"column":3}},"line":182},"15":{"name":"(anonymous_15)","decl":{"start":{"line":183,"column":25},"end":{"line":183,"column":40}},"loc":{"start":{"line":183,"column":40},"end":{"line":191,"column":5}},"line":183},"16":{"name":"(anonymous_16)","decl":{"start":{"line":188,"column":48},"end":{"line":188,"column":56}},"loc":{"start":{"line":188,"column":61},"end":{"line":188,"column":89}},"line":188},"17":{"name":"(anonymous_17)","decl":{"start":{"line":198,"column":39},"end":{"line":198,"column":51}},"loc":{"start":{"line":198,"column":51},"end":{"line":241,"column":3}},"line":198},"18":{"name":"(anonymous_18)","decl":{"start":{"line":244,"column":57},"end":{"line":244,"column":72}},"loc":{"start":{"line":244,"column":72},"end":{"line":259,"column":3}},"line":244},"19":{"name":"(anonymous_19)","decl":{"start":{"line":262,"column":67},"end":{"line":262,"column":79}},"loc":{"start":{"line":262,"column":79},"end":{"line":270,"column":3}},"line":262},"20":{"name":"showNotification","decl":{"start":{"line":276,"column":9},"end":{"line":276,"column":26}},"loc":{"start":{"line":276,"column":88},"end":{"line":304,"column":null}},"line":276},"21":{"name":"(anonymous_21)","decl":{"start":{"line":299,"column":2},"end":{"line":299,"column":19}},"loc":{"start":{"line":299,"column":19},"end":{"line":303,"column":5}},"line":299},"22":{"name":"(anonymous_22)","decl":{"start":{"line":302,"column":4},"end":{"line":302,"column":21}},"loc":{"start":{"line":302,"column":21},"end":{"line":302,"column":37}},"line":302},"23":{"name":"showEditableHint","decl":{"start":{"line":309,"column":9},"end":{"line":309,"column":34}},"loc":{"start":{"line":309,"column":34},"end":{"line":345,"column":null}},"line":309},"24":{"name":"(anonymous_24)","decl":{"start":{"line":338,"column":2},"end":{"line":338,"column":19}},"loc":{"start":{"line":338,"column":19},"end":{"line":344,"column":5}},"line":338},"25":{"name":"(anonymous_25)","decl":{"start":{"line":341,"column":4},"end":{"line":341,"column":21}},"loc":{"start":{"line":341,"column":21},"end":{"line":343,"column":7}},"line":341}},"branchMap":{"0":{"loc":{"start":{"line":24,"column":4},"end":{"line":24,"column":null}},"type":"if","locations":[{"start":{"line":24,"column":4},"end":{"line":24,"column":null}},{"start":{},"end":{}}],"line":24},"1":{"loc":{"start":{"line":34,"column":2},"end":{"line":34,"column":null}},"type":"if","locations":[{"start":{"line":34,"column":2},"end":{"line":34,"column":null}},{"start":{},"end":{}}],"line":34},"2":{"loc":{"start":{"line":39,"column":4},"end":{"line":41,"column":null}},"type":"if","locations":[{"start":{"line":39,"column":4},"end":{"line":41,"column":null}},{"start":{},"end":{}}],"line":39},"3":{"loc":{"start":{"line":39,"column":8},"end":{"line":39,"column":41}},"type":"binary-expr","locations":[{"start":{"line":39,"column":8},"end":{"line":39,"column":15}},{"start":{"line":39,"column":15},"end":{"line":39,"column":41}}],"line":39},"4":{"loc":{"start":{"line":46,"column":2},"end":{"line":49,"column":null}},"type":"if","locations":[{"start":{"line":46,"column":2},"end":{"line":49,"column":null}},{"start":{},"end":{}}],"line":46},"5":{"loc":{"start":{"line":48,"column":33},"end":{"line":48,"column":null}},"type":"cond-expr","locations":[{"start":{"line":48,"column":42},"end":{"line":48,"column":56}},{"start":{"line":48,"column":56},"end":{"line":48,"column":null}}],"line":48},"6":{"loc":{"start":{"line":72,"column":2},"end":{"line":74,"column":null}},"type":"if","locations":[{"start":{"line":72,"column":2},"end":{"line":74,"column":null}},{"start":{},"end":{}}],"line":72},"7":{"loc":{"start":{"line":83,"column":4},"end":{"line":92,"column":null}},"type":"if","locations":[{"start":{"line":83,"column":4},"end":{"line":92,"column":null}},{"start":{},"end":{}}],"line":83},"8":{"loc":{"start":{"line":85,"column":6},"end":{"line":91,"column":null}},"type":"if","locations":[{"start":{"line":85,"column":6},"end":{"line":91,"column":null}},{"start":{"line":87,"column":13},"end":{"line":91,"column":null}}],"line":85},"9":{"loc":{"start":{"line":87,"column":13},"end":{"line":91,"column":null}},"type":"if","locations":[{"start":{"line":87,"column":13},"end":{"line":91,"column":null}},{"start":{"line":89,"column":13},"end":{"line":91,"column":null}}],"line":87},"10":{"loc":{"start":{"line":89,"column":13},"end":{"line":91,"column":null}},"type":"if","locations":[{"start":{"line":89,"column":13},"end":{"line":91,"column":null}},{"start":{},"end":{}}],"line":89},"11":{"loc":{"start":{"line":97,"column":6},"end":{"line":103,"column":null}},"type":"if","locations":[{"start":{"line":97,"column":6},"end":{"line":103,"column":null}},{"start":{"line":100,"column":13},"end":{"line":103,"column":null}}],"line":97},"12":{"loc":{"start":{"line":112,"column":2},"end":{"line":112,"column":null}},"type":"if","locations":[{"start":{"line":112,"column":2},"end":{"line":112,"column":null}},{"start":{},"end":{}}],"line":112},"13":{"loc":{"start":{"line":117,"column":2},"end":{"line":119,"column":null}},"type":"if","locations":[{"start":{"line":117,"column":2},"end":{"line":119,"column":null}},{"start":{},"end":{}}],"line":117},"14":{"loc":{"start":{"line":123,"column":2},"end":{"line":125,"column":null}},"type":"if","locations":[{"start":{"line":123,"column":2},"end":{"line":125,"column":null}},{"start":{},"end":{}}],"line":123},"15":{"loc":{"start":{"line":123,"column":6},"end":{"line":123,"column":59}},"type":"binary-expr","locations":[{"start":{"line":123,"column":6},"end":{"line":123,"column":19}},{"start":{"line":123,"column":19},"end":{"line":123,"column":59}}],"line":123},"16":{"loc":{"start":{"line":138,"column":4},"end":{"line":146,"column":null}},"type":"if","locations":[{"start":{"line":138,"column":4},"end":{"line":146,"column":null}},{"start":{"line":142,"column":11},"end":{"line":146,"column":null}}],"line":138},"17":{"loc":{"start":{"line":150,"column":2},"end":{"line":152,"column":null}},"type":"if","locations":[{"start":{"line":150,"column":2},"end":{"line":152,"column":null}},{"start":{},"end":{}}],"line":150},"18":{"loc":{"start":{"line":151,"column":41},"end":{"line":151,"column":null}},"type":"cond-expr","locations":[{"start":{"line":151,"column":55},"end":{"line":151,"column":62}},{"start":{"line":151,"column":62},"end":{"line":151,"column":null}}],"line":151},"19":{"loc":{"start":{"line":156,"column":2},"end":{"line":162,"column":null}},"type":"if","locations":[{"start":{"line":156,"column":2},"end":{"line":162,"column":null}},{"start":{},"end":{}}],"line":156},"20":{"loc":{"start":{"line":168,"column":6},"end":{"line":177,"column":null}},"type":"if","locations":[{"start":{"line":168,"column":6},"end":{"line":177,"column":null}},{"start":{},"end":{}}],"line":168},"21":{"loc":{"start":{"line":185,"column":6},"end":{"line":190,"column":null}},"type":"if","locations":[{"start":{"line":185,"column":6},"end":{"line":190,"column":null}},{"start":{},"end":{}}],"line":185},"22":{"loc":{"start":{"line":185,"column":10},"end":{"line":185,"column":30}},"type":"binary-expr","locations":[{"start":{"line":185,"column":10},"end":{"line":185,"column":19}},{"start":{"line":185,"column":19},"end":{"line":185,"column":30}}],"line":185},"23":{"loc":{"start":{"line":202,"column":4},"end":{"line":207,"column":null}},"type":"if","locations":[{"start":{"line":202,"column":4},"end":{"line":207,"column":null}},{"start":{},"end":{}}],"line":202},"24":{"loc":{"start":{"line":203,"column":23},"end":{"line":205,"column":56}},"type":"cond-expr","locations":[{"start":{"line":203,"column":46},"end":{"line":203,"column":null}},{"start":{"line":204,"column":23},"end":{"line":205,"column":56}}],"line":203},"25":{"loc":{"start":{"line":204,"column":23},"end":{"line":205,"column":56}},"type":"cond-expr","locations":[{"start":{"line":204,"column":46},"end":{"line":204,"column":null}},{"start":{"line":205,"column":23},"end":{"line":205,"column":56}}],"line":204},"26":{"loc":{"start":{"line":210,"column":6},"end":{"line":210,"column":null}},"type":"if","locations":[{"start":{"line":210,"column":6},"end":{"line":210,"column":null}},{"start":{},"end":{}}],"line":210},"27":{"loc":{"start":{"line":211,"column":6},"end":{"line":211,"column":null}},"type":"if","locations":[{"start":{"line":211,"column":6},"end":{"line":211,"column":null}},{"start":{},"end":{}}],"line":211},"28":{"loc":{"start":{"line":219,"column":27},"end":{"line":219,"column":null}},"type":"cond-expr","locations":[{"start":{"line":219,"column":48},"end":{"line":219,"column":60}},{"start":{"line":219,"column":60},"end":{"line":219,"column":null}}],"line":219},"29":{"loc":{"start":{"line":221,"column":6},"end":{"line":235,"column":null}},"type":"if","locations":[{"start":{"line":221,"column":6},"end":{"line":235,"column":null}},{"start":{"line":228,"column":13},"end":{"line":235,"column":null}}],"line":221},"30":{"loc":{"start":{"line":221,"column":10},"end":{"line":221,"column":96}},"type":"binary-expr","locations":[{"start":{"line":221,"column":10},"end":{"line":221,"column":55}},{"start":{"line":221,"column":55},"end":{"line":221,"column":96}}],"line":221},"31":{"loc":{"start":{"line":223,"column":10},"end":{"line":225,"column":null}},"type":"cond-expr","locations":[{"start":{"line":223,"column":33},"end":{"line":223,"column":null}},{"start":{"line":224,"column":10},"end":{"line":225,"column":null}}],"line":223},"32":{"loc":{"start":{"line":224,"column":10},"end":{"line":225,"column":null}},"type":"cond-expr","locations":[{"start":{"line":224,"column":33},"end":{"line":224,"column":null}},{"start":{"line":225,"column":10},"end":{"line":225,"column":null}}],"line":224},"33":{"loc":{"start":{"line":230,"column":10},"end":{"line":232,"column":null}},"type":"cond-expr","locations":[{"start":{"line":230,"column":33},"end":{"line":230,"column":null}},{"start":{"line":231,"column":10},"end":{"line":232,"column":null}}],"line":230},"34":{"loc":{"start":{"line":231,"column":10},"end":{"line":232,"column":null}},"type":"cond-expr","locations":[{"start":{"line":231,"column":33},"end":{"line":231,"column":null}},{"start":{"line":232,"column":10},"end":{"line":232,"column":null}}],"line":231},"35":{"loc":{"start":{"line":237,"column":6},"end":{"line":237,"column":null}},"type":"if","locations":[{"start":{"line":237,"column":6},"end":{"line":237,"column":null}},{"start":{},"end":{}}],"line":237},"36":{"loc":{"start":{"line":238,"column":6},"end":{"line":238,"column":null}},"type":"if","locations":[{"start":{"line":238,"column":6},"end":{"line":238,"column":null}},{"start":{},"end":{}}],"line":238},"37":{"loc":{"start":{"line":245,"column":4},"end":{"line":245,"column":null}},"type":"if","locations":[{"start":{"line":245,"column":4},"end":{"line":245,"column":null}},{"start":{},"end":{}}],"line":245},"38":{"loc":{"start":{"line":254,"column":6},"end":{"line":256,"column":null}},"type":"cond-expr","locations":[{"start":{"line":254,"column":29},"end":{"line":254,"column":null}},{"start":{"line":255,"column":6},"end":{"line":256,"column":null}}],"line":254},"39":{"loc":{"start":{"line":255,"column":6},"end":{"line":256,"column":null}},"type":"cond-expr","locations":[{"start":{"line":255,"column":29},"end":{"line":255,"column":null}},{"start":{"line":256,"column":6},"end":{"line":256,"column":null}}],"line":255},"40":{"loc":{"start":{"line":265,"column":6},"end":{"line":267,"column":null}},"type":"cond-expr","locations":[{"start":{"line":265,"column":29},"end":{"line":265,"column":null}},{"start":{"line":266,"column":6},"end":{"line":267,"column":null}}],"line":265},"41":{"loc":{"start":{"line":266,"column":6},"end":{"line":267,"column":null}},"type":"cond-expr","locations":[{"start":{"line":266,"column":29},"end":{"line":266,"column":null}},{"start":{"line":267,"column":6},"end":{"line":267,"column":null}}],"line":266},"42":{"loc":{"start":{"line":276,"column":43},"end":{"line":276,"column":88}},"type":"default-arg","locations":[{"start":{"line":276,"column":71},"end":{"line":276,"column":88}}],"line":276},"43":{"loc":{"start":{"line":279,"column":2},"end":{"line":279,"column":null}},"type":"if","locations":[{"start":{"line":279,"column":2},"end":{"line":279,"column":null}},{"start":{},"end":{}}],"line":279},"44":{"loc":{"start":{"line":288,"column":18},"end":{"line":288,"column":61}},"type":"cond-expr","locations":[{"start":{"line":288,"column":39},"end":{"line":288,"column":51}},{"start":{"line":288,"column":51},"end":{"line":288,"column":61}}],"line":288},"45":{"loc":{"start":{"line":311,"column":2},"end":{"line":311,"column":null}},"type":"if","locations":[{"start":{"line":311,"column":2},"end":{"line":311,"column":null}},{"start":{},"end":{}}],"line":311},"46":{"loc":{"start":{"line":319,"column":15},"end":{"line":319,"column":null}},"type":"binary-expr","locations":[{"start":{"line":319,"column":15},"end":{"line":319,"column":30}},{"start":{"line":319,"column":30},"end":{"line":319,"column":null}}],"line":319},"47":{"loc":{"start":{"line":320,"column":23},"end":{"line":320,"column":null}},"type":"binary-expr","locations":[{"start":{"line":320,"column":23},"end":{"line":320,"column":41}},{"start":{"line":320,"column":41},"end":{"line":320,"column":null}}],"line":320}},"s":{"0":0,"1":0,"2":0,"3":0,"4":0,"5":0,"6":0,"7":0,"8":0,"9":0,"10":0,"11":0,"12":0,"13":0,"14":0,"15":0,"16":0,"17":0,"18":0,"19":0,"20":0,"21":0,"22":0,"23":0,"24":0,"25":0,"26":0,"27":0,"28":0,"29":0,"30":0,"31":0,"32":0,"33":0,"34":0,"35":0,"36":0,"37":0,"38":0,"39":0,"40":0,"41":0,"42":0,"43":0,"44":0,"45":0,"46":0,"47":0,"48":0,"49":0,"50":0,"51":0,"52":0,"53":0,"54":0,"55":0,"56":0,"57":0,"58":0,"59":0,"60":0,"61":0,"62":0,"63":0,"64":0,"65":0,"66":0,"67":0,"68":0,"69":0,"70":0,"71":0,"72":0,"73":0,"74":0,"75":0,"76":0,"77":0,"78":0,"79":0,"80":0,"81":0,"82":0,"83":0,"84":0,"85":0,"86":0,"87":0,"88":0,"89":0,"90":0,"91":0,"92":0,"93":0,"94":0,"95":0,"96":0,"97":0,"98":0,"99":0,"100":0,"101":0,"102":0,"103":0,"104":0,"105":0,"106":0,"107":0,"108":0,"109":0,"110":0,"111":0,"112":0,"113":0,"114":0,"115":0,"116":0,"117":0,"118":0,"119":0,"120":0,"121":0,"122":0,"123":0,"124":0,"125":0,"126":0,"127":0,"128":0,"129":0,"130":0,"131":0,"132":0,"133":0,"134":0,"135":0,"136":0,"137":0,"138":0,"139":0,"140":0,"141":0,"142":0,"143":0,"144":0,"145":0,"146":0,"147":0,"148":0,"149":0,"150":0,"151":0,"152":0,"153":0,"154":0,"155":0,"156":0,"157":0,"158":0,"159":0,"160":0,"161":0,"162":0,"163":0,"164":0,"165":0,"166":0,"167":0},"f":{"0":0,"1":0,"2":0,"3":0,"4":0,"5":0,"6":0,"7":0,"8":0,"9":0,"10":0,"11":0,"12":0,"13":0,"14":0,"15":0,"16":0,"17":0,"18":0,"19":0,"20":0,"21":0,"22":0,"23":0,"24":0,"25":0},"b":{"0":[0,0],"1":[0,0],"2":[0,0],"3":[0,0],"4":[0,0],"5":[0,0],"6":[0,0],"7":[0,0],"8":[0,0],"9":[0,0],"10":[0,0],"11":[0,0],"12":[0,0],"13":[0,0],"14":[0,0],"15":[0,0],"16":[0,0],"17":[0,0],"18":[0,0],"19":[0,0],"20":[0,0],"21":[0,0],"22":[0,0],"23":[0,0],"24":[0,0],"25":[0,0],"26":[0,0],"27":[0,0],"28":[0,0],"29":[0,0],"30":[0,0],"31":[0,0],"32":[0,0],"33":[0,0],"34":[0,0],"35":[0,0],"36":[0,0],"37":[0,0],"38":[0,0],"39":[0,0],"40":[0,0],"41":[0,0],"42":[0],"43":[0,0],"44":[0,0],"45":[0,0],"46":[0,0],"47":[0,0]},"meta":{"lastBranch":48,"lastFunction":26,"lastStatement":168,"seen":{"s:8:43:8:Infinity":0,"s:9:54:9:Infinity":1,"s:10:24:10:Infinity":2,"s:12:6:12:Infinity":3,"f:17:9:17:33":0,"s:18:2:18:Infinity":4,"s:19:12:19:Infinity":5,"s:22:8:25:Infinity":6,"f:22:8:22:22":1,"s:23:15:23:Infinity":7,"b:24:4:24:Infinity:undefined:undefined:undefined:undefined":0,"s:24:4:24:Infinity":8,"s:24:12:24:Infinity":9,"s:27:2:27:Infinity":10,"s:28:2:28:Infinity":11,"s:29:2:29:Infinity":12,"s:30:2:30:Infinity":13,"s:33:22:33:Infinity":14,"b:34:2:34:Infinity:undefined:undefined:undefined:undefined":1,"s:34:2:34:Infinity":15,"s:34:19:34:Infinity":16,"s:37:2:42:Infinity":17,"f:37:43:37:51":2,"s:38:16:38:Infinity":18,"b:39:4:41:Infinity:undefined:undefined:undefined:undefined":2,"s:39:4:41:Infinity":19,"b:39:8:39:15:39:15:39:41":3,"s:40:6:40:Infinity":20,"s:45:25:45:Infinity":21,"b:46:2:49:Infinity:undefined:undefined:undefined:undefined":4,"s:46:2:49:Infinity":22,"s:47:19:47:Infinity":23,"s:48:4:48:Infinity":24,"b:48:42:48:56:48:56:48:Infinity":5,"s:52:2:52:Infinity":25,"f:58:9:58:18":3,"s:59:2:59:Infinity":26,"s:60:2:60:Infinity":27,"s:61:2:61:Infinity":28,"f:67:9:67:24":4,"s:68:2:68:Infinity":29,"s:71:17:71:Infinity":30,"b:72:2:74:Infinity:undefined:undefined:undefined:undefined":6,"s:72:2:74:Infinity":31,"s:73:4:73:Infinity":32,"s:77:2:105:Infinity":33,"f:77:47:77:55":5,"s:78:20:78:Infinity":34,"s:79:4:79:Infinity":35,"s:82:23:82:Infinity":36,"b:83:4:92:Infinity:undefined:undefined:undefined:undefined":7,"s:83:4:92:Infinity":37,"s:84:17:84:Infinity":38,"b:85:6:91:Infinity:87:13:91:Infinity":8,"s:85:6:91:Infinity":39,"s:86:8:86:Infinity":40,"b:87:13:91:Infinity:89:13:91:Infinity":9,"s:87:13:91:Infinity":41,"s:88:8:88:Infinity":42,"b:89:13:91:Infinity:undefined:undefined:undefined:undefined":10,"s:89:13:91:Infinity":43,"s:90:8:90:Infinity":44,"s:95:18:95:Infinity":45,"s:96:4:104:Infinity":46,"f:96:10:96:18":6,"b:97:6:103:Infinity:100:13:103:Infinity":11,"s:97:6:103:Infinity":47,"s:98:8:98:Infinity":48,"s:99:8:99:Infinity":49,"s:101:8:101:Infinity":50,"s:102:8:102:Infinity":51,"s:108:0:271:Infinity":52,"f:108:26:108:52":7,"s:109:20:109:Infinity":53,"s:110:17:110:Infinity":54,"s:111:25:111:Infinity":55,"b:112:2:112:Infinity:undefined:undefined:undefined:undefined":12,"s:112:2:112:Infinity":56,"s:112:18:112:Infinity":57,"s:115:21:115:Infinity":58,"s:116:20:116:Infinity":59,"b:117:2:119:Infinity:undefined:undefined:undefined:undefined":13,"s:117:2:119:Infinity":60,"s:118:4:118:Infinity":61,"s:122:20:122:Infinity":62,"b:123:2:125:Infinity:undefined:undefined:undefined:undefined":14,"s:123:2:125:Infinity":63,"b:123:6:123:19:123:19:123:59":15,"s:124:4:124:Infinity":64,"s:128:2:128:Infinity":65,"s:129:2:129:Infinity":66,"s:132:2:132:Infinity":67,"f:132:2:132:19":8,"s:132:19:132:39":68,"s:135:33:135:Infinity":69,"s:136:2:147:Infinity":70,"f:136:43:136:58":9,"s:137:4:137:Infinity":71,"b:138:4:146:Infinity:142:11:146:Infinity":16,"s:138:4:146:Infinity":72,"s:139:6:139:Infinity":73,"s:140:6:140:Infinity":74,"s:141:6:141:Infinity":75,"s:143:6:143:Infinity":76,"s:144:6:144:Infinity":77,"s:145:6:145:Infinity":78,"b:150:2:152:Infinity:undefined:undefined:undefined:undefined":17,"s:150:2:152:Infinity":79,"s:151:4:151:Infinity":80,"b:151:55:151:62:151:62:151:Infinity":18,"s:155:21:155:Infinity":81,"b:156:2:162:Infinity:undefined:undefined:undefined:undefined":19,"s:156:2:162:Infinity":82,"s:157:4:157:Infinity":83,"s:158:4:161:Infinity":84,"f:158:32:158:43":10,"s:159:23:159:Infinity":85,"s:160:6:160:Infinity":86,"s:165:2:179:Infinity":87,"f:165:43:165:51":11,"s:166:4:178:Infinity":88,"f:166:25:166:40":12,"s:167:21:167:Infinity":89,"b:168:6:177:Infinity:undefined:undefined:undefined:undefined":20,"s:168:6:177:Infinity":90,"s:170:8:170:Infinity":91,"s:172:8:172:Infinity":92,"s:175:8:175:Infinity":93,"f:175:49:175:57":13,"s:175:62:175:90":94,"s:176:8:176:Infinity":95,"s:182:2:192:Infinity":96,"f:182:42:182:50":14,"s:183:4:191:Infinity":97,"f:183:25:183:40":15,"s:184:20:184:Infinity":98,"b:185:6:190:Infinity:undefined:undefined:undefined:undefined":21,"s:185:6:190:Infinity":99,"b:185:10:185:19:185:19:185:30":22,"s:186:8:186:Infinity":100,"s:188:8:188:Infinity":101,"f:188:48:188:56":16,"s:188:61:188:89":102,"s:189:8:189:Infinity":103,"s:195:20:195:Infinity":104,"s:196:22:196:Infinity":105,"s:198:2:241:Infinity":106,"f:198:39:198:51":17,"s:199:18:199:Infinity":107,"b:202:4:207:Infinity:undefined:undefined:undefined:undefined":23,"s:202:4:207:Infinity":108,"s:203:6:205:Infinity":109,"b:203:46:203:Infinity:204:23:205:56":24,"b:204:46:204:Infinity:205:23:205:56":25,"s:206:6:206:Infinity":110,"s:209:4:240:Infinity":111,"b:210:6:210:Infinity:undefined:undefined:undefined:undefined":26,"s:210:6:210:Infinity":112,"s:210:18:210:Infinity":113,"b:211:6:211:Infinity:undefined:undefined:undefined:undefined":27,"s:211:6:211:Infinity":114,"s:211:26:211:Infinity":115,"s:212:6:212:Infinity":116,"s:214:19:214:Infinity":117,"s:215:6:215:Infinity":118,"s:216:6:216:Infinity":119,"s:219:27:219:Infinity":120,"b:219:48:219:60:219:60:219:Infinity":28,"b:221:6:235:Infinity:228:13:235:Infinity":29,"s:221:6:235:Infinity":121,"b:221:10:221:55:221:55:221:96":30,"s:222:8:227:Infinity":122,"b:223:33:223:Infinity:224:10:225:Infinity":31,"b:224:33:224:Infinity:225:10:225:Infinity":32,"s:229:8:234:Infinity":123,"b:230:33:230:Infinity:231:10:232:Infinity":33,"b:231:33:231:Infinity:232:10:232:Infinity":34,"b:237:6:237:Infinity:undefined:undefined:undefined:undefined":35,"s:237:6:237:Infinity":124,"s:237:18:237:Infinity":125,"b:238:6:238:Infinity:undefined:undefined:undefined:undefined":36,"s:238:6:238:Infinity":126,"s:238:26:238:Infinity":127,"s:239:6:239:Infinity":128,"s:244:2:259:Infinity":129,"f:244:57:244:72":18,"b:245:4:245:Infinity:undefined:undefined:undefined:undefined":37,"s:245:4:245:Infinity":130,"s:245:28:245:Infinity":131,"s:246:17:246:Infinity":132,"s:247:16:247:Infinity":133,"s:248:14:248:Infinity":134,"s:249:4:249:Infinity":135,"s:250:4:250:Infinity":136,"s:251:4:251:Infinity":137,"s:252:4:252:Infinity":138,"s:253:4:258:Infinity":139,"b:254:29:254:Infinity:255:6:256:Infinity":38,"b:255:29:255:Infinity:256:6:256:Infinity":39,"s:262:2:270:Infinity":140,"f:262:67:262:79":19,"s:263:4:263:Infinity":141,"s:264:4:269:Infinity":142,"b:265:29:265:Infinity:266:6:267:Infinity":40,"b:266:29:266:Infinity:267:6:267:Infinity":41,"f:276:9:276:26":20,"b:276:71:276:88":42,"s:278:19:278:Infinity":143,"b:279:2:279:Infinity:undefined:undefined:undefined:undefined":43,"s:279:2:279:Infinity":144,"s:279:16:279:Infinity":145,"s:281:16:281:Infinity":146,"s:282:2:282:Infinity":147,"s:283:2:283:Infinity":148,"s:284:2:288:Infinity":149,"b:288:39:288:51:288:51:288:61":44,"s:297:2:297:Infinity":150,"s:299:2:303:Infinity":151,"f:299:2:299:19":21,"s:300:4:300:Infinity":152,"s:301:4:301:Infinity":153,"s:302:4:302:Infinity":154,"f:302:4:302:21":22,"s:302:21:302:37":155,"f:309:9:309:34":23,"s:310:17:310:Infinity":156,"b:311:2:311:Infinity:undefined:undefined:undefined:undefined":45,"s:311:2:311:Infinity":157,"s:311:15:311:Infinity":158,"s:313:43:317:Infinity":159,"s:319:15:319:Infinity":160,"b:319:15:319:30:319:30:319:Infinity":46,"s:320:2:320:Infinity":161,"b:320:23:320:41:320:41:320:Infinity":47,"s:321:2:321:Infinity":162,"s:338:2:344:Infinity":163,"f:338:2:338:19":24,"s:339:4:339:Infinity":164,"s:340:4:340:Infinity":165,"s:341:4:343:Infinity":166,"f:341:4:341:21":25,"s:342:6:342:Infinity":167},"fnNames":{}}}
,"/workspace/src/print-utils.ts": {"path":"/workspace/src/print-utils.ts","statementMap":{"0":{"start":{"line":11,"column":2},"end":{"line":13,"column":null}},"1":{"start":{"line":12,"column":4},"end":{"line":12,"column":null}},"2":{"start":{"line":15,"column":2},"end":{"line":26,"column":null}},"3":{"start":{"line":17,"column":19},"end":{"line":17,"column":null}},"4":{"start":{"line":18,"column":4},"end":{"line":21,"column":null}},"5":{"start":{"line":19,"column":6},"end":{"line":19,"column":null}},"6":{"start":{"line":20,"column":6},"end":{"line":20,"column":null}},"7":{"start":{"line":22,"column":4},"end":{"line":22,"column":null}},"8":{"start":{"line":24,"column":4},"end":{"line":24,"column":null}},"9":{"start":{"line":25,"column":4},"end":{"line":25,"column":null}},"10":{"start":{"line":30,"column":26},"end":{"line":30,"column":null}},"11":{"start":{"line":33,"column":2},"end":{"line":36,"column":null}},"12":{"start":{"line":34,"column":4},"end":{"line":34,"column":null}},"13":{"start":{"line":35,"column":4},"end":{"line":35,"column":null}},"14":{"start":{"line":39,"column":25},"end":{"line":39,"column":null}},"15":{"start":{"line":40,"column":2},"end":{"line":42,"column":null}},"16":{"start":{"line":41,"column":4},"end":{"line":41,"column":null}},"17":{"start":{"line":44,"column":2},"end":{"line":84,"column":null}},"18":{"start":{"line":46,"column":4},"end":{"line":46,"column":null}},"19":{"start":{"line":49,"column":4},"end":{"line":49,"column":null}},"20":{"start":{"line":49,"column":33},"end":{"line":49,"column":57}},"21":{"start":{"line":52,"column":21},"end":{"line":52,"column":null}},"22":{"start":{"line":55,"column":4},"end":{"line":74,"column":null}},"23":{"start":{"line":77,"column":4},"end":{"line":77,"column":null}},"24":{"start":{"line":78,"column":4},"end":{"line":78,"column":null}},"25":{"start":{"line":81,"column":4},"end":{"line":83,"column":null}},"26":{"start":{"line":82,"column":6},"end":{"line":82,"column":null}}},"fnMap":{"0":{"name":"loadHtml2Pdf","decl":{"start":{"line":9,"column":15},"end":{"line":9,"column":44}},"loc":{"start":{"line":9,"column":44},"end":{"line":27,"column":null}},"line":9},"1":{"name":"printResume","decl":{"start":{"line":29,"column":22},"end":{"line":29,"column":51}},"loc":{"start":{"line":29,"column":51},"end":{"line":85,"column":null}},"line":29},"2":{"name":"(anonymous_2)","decl":{"start":{"line":49,"column":14},"end":{"line":49,"column":22}},"loc":{"start":{"line":49,"column":33},"end":{"line":49,"column":57}},"line":49}},"branchMap":{"0":{"loc":{"start":{"line":11,"column":2},"end":{"line":13,"column":null}},"type":"if","locations":[{"start":{"line":11,"column":2},"end":{"line":13,"column":null}},{"start":{},"end":{}}],"line":11},"1":{"loc":{"start":{"line":18,"column":4},"end":{"line":21,"column":null}},"type":"if","locations":[{"start":{"line":18,"column":4},"end":{"line":21,"column":null}},{"start":{},"end":{}}],"line":18},"2":{"loc":{"start":{"line":33,"column":2},"end":{"line":36,"column":null}},"type":"if","locations":[{"start":{"line":33,"column":2},"end":{"line":36,"column":null}},{"start":{},"end":{}}],"line":33},"3":{"loc":{"start":{"line":40,"column":2},"end":{"line":42,"column":null}},"type":"if","locations":[{"start":{"line":40,"column":2},"end":{"line":42,"column":null}},{"start":{},"end":{}}],"line":40},"4":{"loc":{"start":{"line":81,"column":4},"end":{"line":83,"column":null}},"type":"if","locations":[{"start":{"line":81,"column":4},"end":{"line":83,"column":null}},{"start":{},"end":{}}],"line":81}},"s":{"0":0,"1":0,"2":0,"3":0,"4":0,"5":0,"6":0,"7":0,"8":0,"9":0,"10":0,"11":0,"12":0,"13":0,"14":0,"15":0,"16":0,"17":0,"18":0,"19":0,"20":0,"21":0,"22":0,"23":0,"24":0,"25":0,"26":0},"f":{"0":0,"1":0,"2":0},"b":{"0":[0,0],"1":[0,0],"2":[0,0],"3":[0,0],"4":[0,0]},"meta":{"lastBranch":5,"lastFunction":3,"lastStatement":27,"seen":{"f:9:15:9:44":0,"b:11:2:13:Infinity:undefined:undefined:undefined:undefined":0,"s:11:2:13:Infinity":0,"s:12:4:12:Infinity":1,"s:15:2:26:Infinity":2,"s:17:19:17:Infinity":3,"b:18:4:21:Infinity:undefined:undefined:undefined:undefined":1,"s:18:4:21:Infinit
[...]
"column":9}},"loc":{"start":{"line":20,"column":46},"end":{"line":39,"column":null}},"line":20},"1":{"name":"exportToPdf","decl":{"start":{"line":44,"column":15},"end":{"line":44,"column":27}},"loc":{"start":{"line":44,"column":63},"end":{"line":86,"column":null}},"line":44},"2":{"name":"(anonymous_2)","decl":{"start":{"line":59,"column":14},"end":{"line":59,"column":22}},"loc":{"start":{"line":59,"column":33},"end":{"line":59,"column":57}},"line":59},"3":{"name":"loadHtml2Pdf","decl":{"start":{"line":91,"column":16},"end":{"line":91,"column":46}},"loc":{"start":{"line":91,"column":46},"end":{"line":111,"column":null}},"line":91},"4":{"name":"html2pdf","decl":{"start":{"line":113,"column":2},"end":{"line":113,"column":10}},"loc":{"start":{"line":113,"column":26},"end":{"line":118,"column":null}},"line":113}},"branchMap":{"0":{"loc":{"start":{"line":21,"column":4},"end":{"line":23,"column":null}},"type":"if","locations":[{"start":{"line":21,"column":4},"end":{"line":23,"column":null}},{"start":{},"end":{}}],"line":21},"1":{"loc":{"start":{"line":47,"column":4},"end":{"line":49,"column":null}},"type":"if","locations":[{"start":{"line":47,"column":4},"end":{"line":49,"column":null}},{"start":{},"end":{}}],"line":47},"2":{"loc":{"start":{"line":53,"column":4},"end":{"line":55,"column":null}},"type":"if","locations":[{"start":{"line":53,"column":4},"end":{"line":55,"column":null}},{"start":{},"end":{}}],"line":53},"3":{"loc":{"start":{"line":95,"column":4},"end":{"line":97,"column":null}},"type":"if","locations":[{"start":{"line":95,"column":4},"end":{"line":97,"column":null}},{"start":{},"end":{}}],"line":95},"4":{"loc":{"start":{"line":95,"column":8},"end":{"line":95,"column":74}},"type":"binary-expr","locations":[{"start":{"line":95,"column":8},"end":{"line":95,"column":34}},{"start":{"line":95,"column":34},"end":{"line":95,"column":74}}],"line":95},"5":{"loc":{"start":{"line":101,"column":6},"end":{"line":106,"column":null}},"type":"if","locations":[{"start":{"line":101,"column":6},"end":{"line":106,"column":null}},{"start":{"line":104,"column":13},"end":{"line":106,"column":null}}],"line":101},"6":{"loc":{"start":{"line":114,"column":4},"end":{"line":116,"column":null}},"type":"if","locations":[{"start":{"line":114,"column":4},"end":{"line":116,"column":null}},{"start":{},"end":{}}],"line":114}},"s":{"0":0,"1":0,"2":0,"3":0,"4":0,"5":0,"6":0,"7":0,"8":0,"9":0,"10":0,"11":0,"12":0,"13":0,"14":0,"15":0,"16":0,"17":0,"18":0,"19":0,"20":0,"21":0,"22":0,"23":0,"24":0,"25":0,"26":0,"27":0,"28":0,"29":0,"30":0,"31":0,"32":0,"33":0,"34":0,"35":0,"36":0,"37":0,"38":0,"39":0,"40":0,"41":0,"42":0},"f":{"0":0,"1":0,"2":0,"3":0,"4":0},"b":{"0":[0,0],"1":[0,0],"2":[0,0],"3":[0,0],"4":[0,0],"5":[0,0],"6":[0,0]},"meta":{"lastBranch":7,"lastFunction":5,"lastStatement":43,"seen":{"s:7:18:7:Infinity":0,"s:14:41:14:Infinity":1,"s:15:35:15:Infinity":2,"f:20:2:20:9":0,"b:21:4:23:Infinity:undefined:undefined:undefined:undefined":0,"s:21:4:23:Infinity":3,"s:22:6:22:Infinity":4,"s:25:17:25:Infinity":5,"s:26:16:26:Infinity":6,"s:28:4:38:Infinity":7,"s:29:16:29:Infinity":8,"s:30:6:30:Infinity":9,"s:31:23:31:Infinity":10,"s:32:6:32:Infinity":11,"s:33:6:33:Infinity":12,"s:34:6:34:Infinity":13,"s:35:6:35:Infinity":14,"s:37:6:37:Infinity":15,"f:44:15:44:27":1,"s:45:22:45:Infinity":16,"b:47:4:49:Infinity:undefined:undefined:undefined:undefined":1,"s:47:4:49:Infinity":17,"s:48:6:48:Infinity":18,"s:51:4:51:Infinity":19,"b:53:4:55:Infinity:undefined:undefined:undefined:undefined":2,"s:53:4:55:Infinity":20,"s:54:6:54:Infinity":21,"s:58:4:58:Infinity":22,"s:59:4:59:Infinity":23,"f:59:14:59:22":2,"s:59:33:59:57":24,"s:61:4:85:Infinity":25,"s:62:6:81:Infinity":26,"s:83:6:83:Infinity":27,"s:84:6:84:Infinity":28,"f:91:16:91:46":3,"s:92:16:92:Infinity":29,"b:95:4:97:Infinity:undefined:undefined:undefined:undefined":3,"s:95:4:97:Infinity":30,"b:95:8:95:34:95:34:95:74":4,"s:96:6:96:Infinity":31,"s:99:4:110:Infinity":32,"s:100:21:100:Infinity":33,"b:101:6:106:Infinity:104:13:106:Infinity":5,"s:101:6:106:Infinity":34,"s:102:8:102:Infinity":35,"s:103:8:103:Infinity":36,"s:105:8:105:Infinity":37,"s:108:6:108:Infinity":38,"s:109:6:109:Infinity":39,"f:113:2:113:10":4,"b:114:4:116:Infinity:undefined:undefined:undefined:undefined":6,"s:114:4:116:Infinity":40,"s:115:6:115:Infinity":41,"s:117:4:117:Infinity":42},"fnNames":{}}}
,"/workspace/src/services/LanguageService.ts": {"path":"/workspace/src/services/LanguageService.ts","statementMap":{"0":{"start":{"line":7,"column":25},"end":{"line":7,"column":null}},"1":{"start":{"line":10,"column":30},"end":{"line":10,"column":null}},"2":{"start":{"line":13,"column":4},"end":{"line":13,"column":null}},"3":{"start":{"line":17,"column":4},"end":{"line":17,"column":null}},"4":{"start":{"line":21,"column":4},"end":{"line":21,"column":null}},"5":{"start":{"line":22,"column":4},"end":{"line":22,"column":null}},"6":{"start":{"line":26,"column":24},"end":{"line":26,"column":null}},"7":{"start":{"line":27,"column":4},"end":{"line":29,"column":null}},"8":{"start":{"line":28,"column":6},"end":{"line":28,"column":null}},"9":{"start":{"line":30,"column":4},"end":{"line":30,"column":null}},"10":{"start":{"line":34,"column":18},"end":{"line":34,"column":null}},"11":{"start":{"line":35,"column":4},"end":{"line":37,"column":null}},"12":{"start":{"line":36,"column":6},"end":{"line":36,"column":null}},"13":{"start":{"line":38,"column":4},"end":{"line":38,"column":null}}},"fnMap":{"0":{"name":"constructor","decl":{"start":{"line":12,"column":2},"end":{"line":12,"column":16}},"loc":{"start":{"line":12,"column":16},"end":{"line":14,"column":null}},"line":12},"1":{"name":"getLang","decl":{"start":{"line":16,"column":2},"end":{"line":16,"column":9}},"loc":{"start":{"line":16,"column":25},"end":{"line":18,"column":null}},"line":16},"2":{"name":"setLang","decl":{"start":{"line":20,"column":2},"end":{"line":20,"column":9}},"loc":{"start":{"line":20,"column":35},"end":{"line":23,"column":null}},"line":20},"3":{"name":"getTranslation","decl":{"start":{"line":25,"column":2},"end":{"line":25,"column":9}},"loc":{"start":{"line":25,"column":67},"end":{"line":31,"column":null}},"line":25},"4":{"name":"loadSavedLang","decl":{"start":{"line":33,"column":2},"end":{"line":33,"column":10}},"loc":{"start":{"line":33,"column":32},"end":{"line":39,"column":null}},"line":33}},"branchMap":{"0":{"loc":{"start":{"line":27,"column":4},"end":{"line":29,"column":null}},"type":"if","locations":[{"start":{"line":27,"column":4},"end":{"line":29,"column":null}},{"start":{},"end":{}}],"line":27},"1":{"loc":{"start":{"line":27,"column":8},"end":{"line":27,"column":59}},"type":"binary-expr","locations":[{"start":{"line":27,"column":8},"end":{"line":27,"column":37}},{"start":{"line":27,"column":37},"end":{"line":27,"column":59}}],"line":27},"2":{"loc":{"start":{"line":28,"column":13},"end":{"line":28,"column":null}},"type":"binary-expr","locations":[{"start":{"line":28,"column":13},"end":{"line":28,"column":37}},{"start":{"line":28,"column":37},"end":{"line":28,"column":null}}],"line":28},"3":{"loc":{"start":{"line":35,"column":4},"end":{"line":37,"column":null}},"type":"if","locations":[{"start":{"line":35,"column":4},"end":{"line":37,"column":null}},{"start":{},"end":{}}],"line":35},"4":{"loc":{"start":{"line":35,"column":8},"end":{"line":35,"column":60}},"type":"binary-expr","locations":[{"start":{"line":35,"column":8},"end":{"line":35,"column":26}},{"start":{"line":35,"column":26},"end":{"line":35,"column":44}},{"start":{"line":35,"column":44},"end":{"line":35,"column":60}}],"line":35}},"s":{"0":0,"1":0,"2":0,"3":0,"4":0,"5":0,"6":0,"7":0,"8":0,"9":0,"10":0,"11":0,"12":0,"13":0},"f":{"0":0,"1":0,"2":0,"3":0,"4":0},"b":{"0":[0,0],"1":[0,0],"2":[0,0],"3":[0,0],"4":[0,0,0]},"meta":{"lastBranch":5,"lastFunction":5,"lastStatement":14,"seen":{"s:7:25:7:Infinity":0,"f:12:2:12:16":0,"s:10:30:10:Infinity":1,"s:13:4:13:Infinity":2,"f:16:2:16:9":1,"s:17:4:17:Infinity":3,"f:20:2:20:9":2,"s:21:4:21:Infinity":4,"s:22:4:22:Infinity":5,"f:25:2:25:9":3,"s:26:24:26:Infinity":6,"b:27:4:29:Infinity:undefined:undefined:undefined:undefined":0,"s:27:4:29:Infinity":7,"b:27:8:27:37:27:37:27:59":1,"s:28:6:28:Infinity":8,"b:28:13:28:37:28:37:28:Infinity":2,"s:30:4:30:Infinity":9,"f:33:2:33:10":4,"s:34:18:34:Infinity":10,"b:35:4:37:Infinity:undefined:undefined:undefined:undefined":3,"s:35:4:37:Infinity":11,"b:35:8:35:26:35:26:35:44:35:44:35:60":4,"s:36:6:36:Infinity":12,"s:38:4:38:Infinity":13},"fnNames":{}}}
,"/workspace/src/services/ThemeService.ts": {"path":"/workspace/src/services/ThemeService.ts","statementMap":{"0":{"start":{"line":7,"column":26},"end":{"line":7,"column":null}},"1":{"start":{"line":10,"column":32},"end":{"line":10,"column":null}},"2":{"start":{"line":13,"column":4},"end":{"line":13,"column":null}},"3":{"start":{"line":17,"column":4},"end":{"line":17,"column":null}},"4":{"start":{"line":21,"column":4},"end":{"line":21,"column":null}},"5":{"start":{"line":22,"column":4},"end":{"line":22,"column":null}},"6":{"start":{"line":23,"column":4},"end":{"line":23,"column":null}},"7":{"start":{"line":27,"column":4},"end":{"line":27,"column":null}},"8":{"start":{"line":28,"column":4},"end":{"line":28,"column":null}},"9":{"start":{"line":32,"column":4},"end":{"line":36,"column":null}},"10":{"start":{"line":33,"column":6},"end":{"line":33,"column":null}},"11":{"start":{"line":35,"column":6},"end":{"line":35,"column":null}},"12":{"start":{"line":37,"column":4},"end":{"line":37,"column":null}},"13":{"start":{"line":41,"column":18},"end":{"line":41,"column":null}},"14":{"start":{"line":42,"column":4},"end":{"line":42,"column":null}}},"fnMap":{"0":{"name":"constructor","decl":{"start":{"line":12,"column":2},"end":{"line":12,"column":16}},"loc":{"start":{"line":12,"column":16},"end":{"line":14,"column":null}},"line":12},"1":{"name":"getTheme","decl":{"start":{"line":16,"column":2},"end":{"line":16,"column":9}},"loc":{"start":{"line":16,"column":27},"end":{"line":18,"column":null}},"line":16},"2":{"name":"toggleTheme","decl":{"start":{"line":20,"column":2},"end":{"line":20,"column":9}},"loc":{"start":{"line":20,"column":30},"end":{"line":24,"column":null}},"line":20},"3":{"name":"setTheme","decl":{"start":{"line":26,"column":2},"end":{"line":26,"column":9}},"loc":{"start":{"line":26,"column":38},"end":{"line":29,"column":null}},"line":26},"4":{"name":"applyTheme","decl":{"start":{"line":31,"column":2},"end":{"line":31,"column":10}},"loc":{"start":{"line":31,"column":41},"end":{"line":38,"column":null}},"line":31},"5":{"name":"loadSavedTheme","decl":{"start":{"line":40,"column":2},"end":{"line":40,"column":10}},"loc":{"start":{"line":40,"column":34},"end":{"line":43,"column":null}},"line":40}},"branchMap":{"0":{"loc":{"start":{"line":21,"column":24},"end":{"line":21,"column":null}},"type":"cond-expr","locations":[{"start":{"line":21,"column":56},"end":{"line":21,"column":65}},{"start":{"line":21,"column":65},"end":{"line":21,"column":null}}],"line":21},"1":{"loc":{"start":{"line":32,"column":4},"end":{"line":36,"column":null}},"type":"if","locations":[{"start":{"line":32,"column":4},"end":{"line":36,"column":null}},{"start":{"line":34,"column":11},"end":{"line":36,"column":null}}],"line":32},"2":{"loc":{"start":{"line":42,"column":11},"end":{"line":42,"column":null}},"type":"cond-expr","locations":[{"start":{"line":42,"column":30},"end":{"line":42,"column":39}},{"start":{"line":42,"column":39},"end":{"line":42,"column":null}}],"line":42}},"s":{"0":0,"1":0,"2":0,"3":0,"4":0,"5":0,"6":0,"7":0,"8":0,"9":0,"10":0,"11":0,"12":0,"13":0,"14":0},"f":{"0":0,"1":0,"2":0,"3":0,"4":0,"5":0},"b":{"0":[0,0],"1":[0,0],"2":[0,0]},"meta":{"lastBranch":3,"lastFunction":6,"lastStatement":15,"seen":{"s:7:26:7:Infinity":0,"f:12:2:12:16":0,"s:10:32:10:Infinity":1,"s:13:4:13:Infinity":2,"f:16:2:16:9":1,"s:17:4:17:Infinity":3,"f:20:2:20:9":2,"s:21:4:21:Infinity":4,"b:21:56:21:65:21:65:21:Infinity":0,"s:22:4:22:Infinity":5,"s:23:4:23:Infinity":6,"f:26:2:26:9":3,"s:27:4:27:Infinity":7,"s:28:4:28:Infinity":8,"f:31:2:31:10":4,"b:32:4:36:Infinity:34:11:36:Infinity":1,"s:32:4:36:Infinity":9,"s:33:6:33:Infinity":10,"s:35:6:35:Infinity":11,"s:37:4:37:Infinity":12,"f:40:2:40:10":5,"s:41:18:41:Infinity":13,"s:42:4:42:Infinity":14,"b:42:30:42:39:42:39:42:Infinity":2},"fnNames":{}}}
,"/workspace/src/services/ToastService.ts": {"path":"/workspace/src/services/ToastService.ts","statementMap":{"0":{"start":{"line":7,"column":26},"end":{"line":7,"column":null}},"1":{"start":{"line":10,"column":45},"end":{"line":10,"column":null}},"2":{"start":{"line":13,"column":4},"end":{"line":13,"column":null}},"3":{"start":{"line":15,"column":18},"end":{"line":15,"column":null}},"4":{"start":{"line":16,"column":4},"end":{"line":16,"column":null}},"5":{"start":{"line":17,"column":4},"end":{"line":17,"column":null}},"6":{"start":{"line":18,"column":4},"end":{"line":22,"column":null}},"7":{"start":{"line":32,"column":4},"end":{"line":32,"column":null}},"8":{"start":{"line":33,"column":4},"end":{"line":33,"column":null}},"9":{"start":{"line":35,"column":4},"end":{"line":37,"column":null}},"10":{"start":{"line":36,"column":6},"end":{"line":36,"column":null}},"11":{"start":{"line":41,"column":4},"end":{"line":41,"column":null}},"12":{"start":{"line":41,"column":37},"end":{"line":41,"column":null}},"13":{"start":{"line":43,"column":4},"end":{"line":43,"column":null}},"14":{"start":{"line":44,"column":4},"end":{"line":44,"column":null}},"15":{"start":{"line":45,"column":4},"end":{"line":50,"column":null}},"16":{"start":{"line":46,"column":6},"end":{"line":46,"column":null}},"17":{"start":{"line":47,"column":6},"end":{"line":49,"column":null}},"18":{"start":{"line":48,"column":8},"end":{"line":48,"column":null}},"19":{"start":{"line":54,"column":4},"end":{"line":57,"column":null}},"20":{"start":{"line":55,"column":6},"end":{"line":55,"column":null}},"21":{"start":{"line":56,"column":6},"end":{"line":56,"column":null}}},"fnMap":{"0":{"name":"show","decl":{"start":{"line":12,"column":2},"end":{"line":12,"column":9}},"loc":{"start":{"line":12,"column":66},"end":{"line":38,"column":null}},"line":12},"1":{"name":"(anonymous_1)","decl":{"start":{"line":35,"column":4},"end":{"line":35,"column":21}},"loc":{"start":{"line":35,"column":21},"end":{"line":37,"column":7}},"line":35},"2":{"name":"fadeOutAndRemove","decl":{"start":{"line":40,"column":2},"end":{"line":40,"column":10}},"loc":{"start":{"line":40,"column":53},"end":{"line":51,"column":null}},"line":40},"3":{"name":"(anonymous_3)","decl":{"start":{"line":45,"column":4},"end":{"line":45,"column":21}},"loc":{"start":{"line":45,"column":21},"end":{"line":50,"column":7}},"line":45},"4":{"name":"removeCurrentToast","decl":{"start":{"line":53,"column":2},"end":{"line":53,"column":10}},"loc":{"start":{"line":53,"column":37},"end":{"line":58,"column":null}},"line":53}},"branchMap":{"0":{"loc":{"start":{"line":12,"column":31},"end":{"line":12,"column":66}},"type":"default-arg","locations":[{"start":{"line":12,"column":49},"end":{"line":12,"column":66}}],"line":12},"1":{"loc":{"start":{"line":22,"column":20},"end":{"line":22,"column":63}},"type":"cond-expr","locations":[{"start":{"line":22,"column":41},"end":{"line":22,"column":53}},{"start":{"line":22,"column":53},"end":{"line":22,"column":63}}],"line":22},"2":{"loc":{"start":{"line":41,"column":4},"end":{"line":41,"column":null}},"type":"if","locations":[{"start":{"line":41,"column":4},"end":{"line":41,"column":null}},{"start":{},"end":{}}],"line":41},"3":{"loc":{"start":{"line":47,"column":6},"end":{"line":49,"column":null}},"type":"if","locations":[{"start":{"line":47,"column":6},"end":{"line":49,"column":null}},{"start":{},"end":{}}],"line":47},"4":{"loc":{"start":{"line":54,"column":4},"end":{"line":57,"column":null}},"type":"if","locations":[{"start":{"line":54,"column":4},"end":{"line":57,"column":null}},{"start":{},"end":{}}],"line":54}},"s":{"0":0,"1":0,"2":0,"3":0,"4":0,"5":0,"6":0,"7":0,"8":0,"9":0,"10":0,"11":0,"12":0,"13":0,"14":0,"15":0,"16":0,"17":0,"18":0,"19":0,"20":0,"21":0},"f":{"0":0,"1":0,"2":0,"3":0,"4":0},"b":{"0":[0],"1":[0,0],"2":[0,0],"3":[0,0],"4":[0,0]},"meta":{"lastBranch":5,"lastFunction":5,"lastStatement":22,"seen":{"s:7:26:7:Infinity":0,"s:10:45:10:Infinity":1,"f:12:2:12:9":0,"b:12:49:12:66":0,"s:13:4:13:Infinity":2,"s:15:18:15:Infinity":3,"s:16:4:16:Infinity":4,"s:17:4:17:Infinity":5,"s:18:4:22:Infinity":6,"b:22:41:22:53:22:53:22:63":1,"s:32:4:32:Infinity":7,"s:33:4:33:Infinity":8,"s:35:4:37:Infinity":9,"f:35:4:35:21":1,"s:36:6:36:Infinity":10,"f:40:2:40:10":2,"b:41:4:41:Infinity:undefined:undefined:undefined:undefined":2,"s:41:4:41:Infinity":11,"s:41:37:41:Infinity":12,"s:43:4:43:Infinity":13,"s:44:4:44:Infinity":14,"s:45:4:50:Infinity":15,"f:45:4:45:21":3,"s:46:6:46:Infinity":16,"b:47:6:49:Infinity:undefined:undefined:undefined:undefined":3,"s:47:6:49:Infinity":17,"s:48:8:48:Infinity":18,"f:53:2:53:10":4,"b:54:4:57:Infinity:undefined:undefined:undefined:undefined":4,"s:54:4:57:Infinity":19,"s:55:6:55:Infinity":20,"s:56:6:56:Infinity":21},"fnNames":{}}}
,"/workspace/src/utils/github-cache.ts": {"path":"/workspace/src/utils/github-cache.ts","statementMap":{"0":{"start":{"line":10,"column":18},"end":{"line":10,"column":null}},"1":{"start":{"line":13,"column":18},"end":{"line":13,"column":null}},"2":{"start":{"line":16,"column":18},"end":{"line":16,"column":null}},"3":{"start":{"line":18,"column":4},"end":{"line":20,"column":null}},"4":{"start":{"line":19,"column":6},"end":{"line":19,"column":null}},"5":{"start":{"line":22,"column":16},"end":{"line":22,"column":null}},"6":{"start":{"line":23,"column":4},"end":{"line":26,"column":null}},"7":{"start":{"line":24,"column":6},"end":{"line":24,"column":null}},"8":{"start":{"line":25,"column":6},"end":{"line":25,"column":null}},"9":{"start":{"line":28,"column":4},"end":{"line":28,"column":null}},"10":{"start":{"line":32,"column":4},"end":{"line":35,"column":null}},"11":{"start":{"line":39,"column":4},"end":{"line":39,"column":null}},"12":{"start":{"line":43,"column":4},"end":{"line":43,"column":null}},"13":{"start":{"line":48,"column":27},"end":{"line":48,"column":null}}},"fnMap":{"0":{"name":"get","decl":{"start":{"line":15,"column":2},"end":{"line":15,"column":9}},"loc":{"start":{"line":15,"column":39},"end":{"line":29,"column":null}},"line":15},"1":{"name":"set","decl":{"start":{"line":31,"column":2},"end":{"line":31,"column":9}},"loc":{"start":{"line":31,"column":44},"end":{"line":36,"column":null}},"line":31},"2":{"name":"clear","decl":{"start":{"line":38,"column":2},"end":{"line":38,"column":9}},"loc":{"start":{"line":38,"column":23},"end":{"line":40,"column":null}},"line":38},"3":{"name":"delete","decl":{"start":{"line":42,"column":2},"end":{"line":42,"column":9}},"loc":{"start":{"line":42,"column":35},"end":{"line":44,"column":null}},"line":42}},"branchMap":{"0":{"loc":{"start":{"line":18,"column":4},"end":{"line":20,"column":null}},"type":"if","locations":[{"start":{"line":18,"column":4},"end":{"line":20,"column":null}},{"start":{},"end":{}}],"line":18},"1":{"loc":{"start":{"line":23,"column":4},"end":{"line":26,"column":null}},"type":"if","locations":[{"start":{"line":23,"column":4},"end":{"line":26,"column":null}},{"start":{},"end":{}}],"line":23}},"s":{"0":0,"1":0,"2":0,"3":0,"4":0,"5":0,"6":0,"7":0,"8":0,"9":0,"10":0,"11":0,"12":0,"13":0},"f":{"0":0,"1":0,"2":0,"3":0},"b":{"0":[0,0],"1":[0,0]},"meta":{"lastBranch":2,"lastFunction":4,"lastStatement":14,"seen":{"s:10:18:10:Infinity":0,"s:13:18:13:Infinity":1,"f:15:2:15:9":0,"s:16:18:16:Infinity":2,"b:18:4:20:Infinity:undefined:undefined:undefined:undefined":0,"s:18:4:20:Infinity":3,"s:19:6:19:Infinity":4,"s:22:16:22:Infinity":5,"b:23:4:26:Infinity:undefined:undefined:undefined:undefined":1,"s:23:4:26:Infinity":6,"s:24:6:24:Infinity":7,"s:25:6:25:Infinity":8,"s:28:4:28:Infinity":9,"f:31:2:31:9":1,"s:32:4:35:Infinity":10,"f:38:2:38:9":2,"s:39:4:39:Infinity":11,"f:42:2:42:9":3,"s:43:4:43:Infinity":12,"s:48:27:48:Infinity":13},"fnNames":{}}}
}
